[2025-08-05T15:12:21+08:00][sql] CONNECT:[ UseTime:0.006300s ] mysql:host=124.220.1.39;port=3306;dbname=app_84000looking;charset=utf8mb4
[2025-08-05T15:12:21+08:00][sql] SHOW FULL COLUMNS FROM `sys_schedule` [ RunTime:0.004557s ]
[2025-08-05T15:12:21+08:00][sql] SELECT `id`,`addon`,`key`,`status`,`time`,`count`,`last_time`,`next_time`,`create_time`,`delete_time`,`update_time` FROM `sys_schedule` WHERE  `status` = 1 ORDER BY `id` DESC [ RunTime:0.004120s ]
[2025-08-05T15:12:21+08:00][sql] SELECT `key` FROM `addon` [ RunTime:0.004029s ]
[2025-08-05T15:12:45+08:00][sql] SELECT * FROM `sys_schedule` [ RunTime:0.004086s ]
[2025-08-05T15:13:15+08:00][sql] SELECT * FROM `sys_schedule` [ RunTime:0.006945s ]
[2025-08-05T15:13:45+08:00][sql] SELECT * FROM `sys_schedule` [ RunTime:0.004223s ]
[2025-08-05T15:14:15+08:00][sql] SELECT * FROM `sys_schedule` [ RunTime:0.004168s ]
[2025-08-05T15:14:45+08:00][sql] SELECT * FROM `sys_schedule` [ RunTime:0.004224s ]
[2025-08-05T15:15:15+08:00][sql] SELECT * FROM `sys_schedule` [ RunTime:0.004160s ]
[2025-08-05T15:15:45+08:00][sql] SELECT * FROM `sys_schedule` [ RunTime:0.004224s ]
[2025-08-05T15:16:15+08:00][sql] SELECT * FROM `sys_schedule` [ RunTime:0.004210s ]
[2025-08-05T15:16:45+08:00][sql] SELECT * FROM `sys_schedule` [ RunTime:0.004222s ]
[2025-08-05T15:17:15+08:00][sql] SELECT * FROM `sys_schedule` [ RunTime:0.004186s ]
[2025-08-05T15:17:45+08:00][sql] SELECT * FROM `sys_schedule` [ RunTime:0.004363s ]
[2025-08-05T15:18:15+08:00][sql] SELECT * FROM `sys_schedule` [ RunTime:0.004171s ]
[2025-08-05T15:18:45+08:00][sql] SELECT * FROM `sys_schedule` [ RunTime:0.004212s ]
[2025-08-05T15:19:15+08:00][sql] SELECT * FROM `sys_schedule` [ RunTime:0.004166s ]
[2025-08-05T15:19:45+08:00][sql] SELECT * FROM `sys_schedule` [ RunTime:0.004205s ]
[2025-08-05T15:20:15+08:00][sql] SELECT * FROM `sys_schedule` [ RunTime:0.004171s ]
[2025-08-05T15:20:45+08:00][sql] SELECT * FROM `sys_schedule` [ RunTime:0.004146s ]
[2025-08-05T15:21:15+08:00][sql] SELECT * FROM `sys_schedule` [ RunTime:0.004202s ]
[2025-08-05T15:21:45+08:00][sql] SELECT * FROM `sys_schedule` [ RunTime:0.004153s ]
[2025-08-05T15:22:15+08:00][sql] SELECT * FROM `sys_schedule` [ RunTime:0.004197s ]
[2025-08-05T15:22:45+08:00][sql] SELECT * FROM `sys_schedule` [ RunTime:0.004174s ]
[2025-08-05T15:23:15+08:00][sql] SELECT * FROM `sys_schedule` [ RunTime:0.004200s ]
[2025-08-05T15:23:45+08:00][sql] SELECT * FROM `sys_schedule` [ RunTime:0.004194s ]
[2025-08-05T15:24:15+08:00][sql] SELECT * FROM `sys_schedule` [ RunTime:0.004181s ]
[2025-08-05T15:24:45+08:00][sql] SELECT * FROM `sys_schedule` [ RunTime:0.004206s ]
[2025-08-05T15:25:15+08:00][sql] SELECT * FROM `sys_schedule` [ RunTime:0.004228s ]
[2025-08-05T15:25:45+08:00][sql] SELECT * FROM `sys_schedule` [ RunTime:0.004204s ]
[2025-08-05T15:26:15+08:00][sql] SELECT * FROM `sys_schedule` [ RunTime:0.004173s ]
[2025-08-05T15:26:45+08:00][sql] SELECT * FROM `sys_schedule` [ RunTime:0.004172s ]
[2025-08-05T15:27:15+08:00][sql] SELECT * FROM `sys_schedule` [ RunTime:0.004217s ]
[2025-08-05T15:27:45+08:00][sql] SELECT * FROM `sys_schedule` [ RunTime:0.004201s ]
[2025-08-05T15:28:15+08:00][sql] SELECT * FROM `sys_schedule` [ RunTime:0.004216s ]
[2025-08-05T15:28:45+08:00][sql] SELECT * FROM `sys_schedule` [ RunTime:0.004246s ]
[2025-08-05T15:29:15+08:00][sql] SELECT * FROM `sys_schedule` [ RunTime:0.004177s ]
[2025-08-05T15:29:45+08:00][sql] SELECT * FROM `sys_schedule` [ RunTime:0.004243s ]
[2025-08-05T15:30:15+08:00][sql] SELECT * FROM `sys_schedule` [ RunTime:0.004239s ]
[2025-08-05T15:30:45+08:00][sql] SELECT * FROM `sys_schedule` [ RunTime:0.004205s ]
[2025-08-05T15:31:15+08:00][sql] SELECT * FROM `sys_schedule` [ RunTime:0.004205s ]
[2025-08-05T15:31:45+08:00][sql] SELECT * FROM `sys_schedule` [ RunTime:0.004187s ]
[2025-08-05T15:32:15+08:00][sql] SELECT * FROM `sys_schedule` [ RunTime:0.004280s ]
[2025-08-05T15:32:45+08:00][sql] SELECT * FROM `sys_schedule` [ RunTime:0.004211s ]
[2025-08-05T15:33:15+08:00][sql] SELECT * FROM `sys_schedule` [ RunTime:0.004190s ]
[2025-08-05T15:33:45+08:00][sql] SELECT * FROM `sys_schedule` [ RunTime:0.004222s ]
[2025-08-05T15:34:15+08:00][sql] SELECT * FROM `sys_schedule` [ RunTime:0.004143s ]
[2025-08-05T15:34:45+08:00][sql] SELECT * FROM `sys_schedule` [ RunTime:0.005221s ]
[2025-08-05T15:35:15+08:00][sql] SELECT * FROM `sys_schedule` [ RunTime:0.004188s ]
[2025-08-05T15:35:45+08:00][sql] SELECT * FROM `sys_schedule` [ RunTime:0.004262s ]
[2025-08-05T15:36:15+08:00][sql] SELECT * FROM `sys_schedule` [ RunTime:0.004215s ]
[2025-08-05T15:36:45+08:00][sql] SELECT * FROM `sys_schedule` [ RunTime:0.004194s ]
[2025-08-05T15:37:15+08:00][sql] SELECT * FROM `sys_schedule` [ RunTime:0.004214s ]
[2025-08-05T15:37:45+08:00][sql] SELECT * FROM `sys_schedule` [ RunTime:0.004203s ]
[2025-08-05T15:38:15+08:00][sql] SELECT * FROM `sys_schedule` [ RunTime:0.004255s ]
[2025-08-05T15:38:45+08:00][sql] SELECT * FROM `sys_schedule` [ RunTime:0.004227s ]
[2025-08-05T15:39:15+08:00][sql] SELECT * FROM `sys_schedule` [ RunTime:0.004175s ]
[2025-08-05T15:39:45+08:00][sql] SELECT * FROM `sys_schedule` [ RunTime:0.004222s ]
[2025-08-05T15:40:15+08:00][sql] SELECT * FROM `sys_schedule` [ RunTime:0.004130s ]
[2025-08-05T15:40:45+08:00][sql] SELECT * FROM `sys_schedule` [ RunTime:0.004188s ]
[2025-08-05T15:41:15+08:00][sql] SELECT * FROM `sys_schedule` [ RunTime:0.004181s ]
[2025-08-05T15:41:45+08:00][sql] SELECT * FROM `sys_schedule` [ RunTime:0.004237s ]
[2025-08-05T15:42:15+08:00][sql] SELECT * FROM `sys_schedule` [ RunTime:0.004180s ]
[2025-08-05T15:42:45+08:00][sql] SELECT * FROM `sys_schedule` [ RunTime:0.004258s ]
[2025-08-05T15:43:15+08:00][sql] SELECT * FROM `sys_schedule` [ RunTime:0.004154s ]
[2025-08-05T15:43:45+08:00][sql] SELECT * FROM `sys_schedule` [ RunTime:0.004203s ]
[2025-08-05T15:44:15+08:00][sql] SELECT * FROM `sys_schedule` [ RunTime:0.004224s ]
[2025-08-05T15:44:45+08:00][sql] SELECT * FROM `sys_schedule` [ RunTime:0.004145s ]
[2025-08-05T15:45:15+08:00][sql] SELECT * FROM `sys_schedule` [ RunTime:0.004162s ]
[2025-08-05T15:45:45+08:00][sql] SELECT * FROM `sys_schedule` [ RunTime:0.004231s ]
[2025-08-05T15:46:15+08:00][sql] SELECT * FROM `sys_schedule` [ RunTime:0.004197s ]
[2025-08-05T15:46:45+08:00][sql] SELECT * FROM `sys_schedule` [ RunTime:0.004202s ]
[2025-08-05T15:47:15+08:00][sql] SELECT * FROM `sys_schedule` [ RunTime:0.004165s ]
[2025-08-05T15:47:45+08:00][sql] SELECT * FROM `sys_schedule` [ RunTime:0.004149s ]
[2025-08-05T15:48:15+08:00][sql] SELECT * FROM `sys_schedule` [ RunTime:0.004255s ]
[2025-08-05T15:48:45+08:00][sql] SELECT * FROM `sys_schedule` [ RunTime:0.004162s ]
[2025-08-05T15:49:15+08:00][sql] SELECT * FROM `sys_schedule` [ RunTime:0.004222s ]
[2025-08-05T15:49:45+08:00][sql] SELECT * FROM `sys_schedule` [ RunTime:0.004265s ]
[2025-08-05T15:50:15+08:00][sql] SELECT * FROM `sys_schedule` [ RunTime:0.004228s ]
[2025-08-05T15:50:45+08:00][sql] SELECT * FROM `sys_schedule` [ RunTime:0.004180s ]
[2025-08-05T15:51:15+08:00][sql] SELECT * FROM `sys_schedule` [ RunTime:0.004182s ]
[2025-08-05T15:51:45+08:00][sql] SELECT * FROM `sys_schedule` [ RunTime:0.004191s ]
[2025-08-05T15:52:15+08:00][sql] SELECT * FROM `sys_schedule` [ RunTime:0.004220s ]
[2025-08-05T15:52:45+08:00][sql] SELECT * FROM `sys_schedule` [ RunTime:0.004180s ]
[2025-08-05T15:53:15+08:00][sql] SELECT * FROM `sys_schedule` [ RunTime:0.004205s ]
[2025-08-05T15:53:45+08:00][sql] SELECT * FROM `sys_schedule` [ RunTime:0.004199s ]
[2025-08-05T15:54:15+08:00][sql] SELECT * FROM `sys_schedule` [ RunTime:0.004248s ]
[2025-08-05T15:54:45+08:00][sql] SELECT * FROM `sys_schedule` [ RunTime:0.004273s ]
[2025-08-05T15:55:15+08:00][sql] SELECT * FROM `sys_schedule` [ RunTime:0.004793s ]
[2025-08-05T15:55:45+08:00][sql] SELECT * FROM `sys_schedule` [ RunTime:0.004146s ]
[2025-08-05T15:56:15+08:00][sql] SELECT * FROM `sys_schedule` [ RunTime:0.004242s ]
[2025-08-05T15:56:45+08:00][sql] SELECT * FROM `sys_schedule` [ RunTime:0.004189s ]
[2025-08-05T15:57:15+08:00][sql] SELECT * FROM `sys_schedule` [ RunTime:0.004174s ]
[2025-08-05T15:57:45+08:00][sql] SELECT * FROM `sys_schedule` [ RunTime:0.004175s ]
[2025-08-05T15:58:15+08:00][sql] SELECT * FROM `sys_schedule` [ RunTime:0.004246s ]
[2025-08-05T15:58:45+08:00][sql] SELECT * FROM `sys_schedule` [ RunTime:0.004139s ]
[2025-08-05T15:59:15+08:00][sql] SELECT * FROM `sys_schedule` [ RunTime:0.004203s ]
[2025-08-05T15:59:45+08:00][sql] SELECT * FROM `sys_schedule` [ RunTime:0.004192s ]
[2025-08-05T16:00:15+08:00][sql] SELECT * FROM `sys_schedule` [ RunTime:0.004149s ]
[2025-08-05T16:00:45+08:00][sql] SELECT * FROM `sys_schedule` [ RunTime:0.004212s ]
[2025-08-05T16:01:15+08:00][sql] SELECT * FROM `sys_schedule` [ RunTime:0.004145s ]
[2025-08-05T16:01:45+08:00][sql] SELECT * FROM `sys_schedule` [ RunTime:0.004164s ]
[2025-08-05T16:02:15+08:00][sql] SELECT * FROM `sys_schedule` [ RunTime:0.004216s ]
[2025-08-05T16:02:45+08:00][sql] SELECT * FROM `sys_schedule` [ RunTime:0.004131s ]
[2025-08-05T16:03:15+08:00][sql] SELECT * FROM `sys_schedule` [ RunTime:0.004170s ]
[2025-08-05T16:03:45+08:00][sql] SELECT * FROM `sys_schedule` [ RunTime:0.004178s ]
[2025-08-05T16:04:15+08:00][sql] SELECT * FROM `sys_schedule` [ RunTime:0.004221s ]
[2025-08-05T16:04:45+08:00][sql] SELECT * FROM `sys_schedule` [ RunTime:0.004187s ]
[2025-08-05T16:05:15+08:00][sql] SELECT * FROM `sys_schedule` [ RunTime:0.004217s ]
[2025-08-05T16:05:45+08:00][sql] SELECT * FROM `sys_schedule` [ RunTime:0.004173s ]
[2025-08-05T16:06:15+08:00][sql] SELECT * FROM `sys_schedule` [ RunTime:0.004257s ]
[2025-08-05T16:06:45+08:00][sql] SELECT * FROM `sys_schedule` [ RunTime:0.004208s ]
[2025-08-05T16:07:15+08:00][sql] SELECT * FROM `sys_schedule` [ RunTime:0.004208s ]
[2025-08-05T16:07:45+08:00][sql] SELECT * FROM `sys_schedule` [ RunTime:0.004251s ]
[2025-08-05T16:08:15+08:00][sql] SELECT * FROM `sys_schedule` [ RunTime:0.004297s ]
[2025-08-05T16:08:45+08:00][sql] SELECT * FROM `sys_schedule` [ RunTime:0.004239s ]
[2025-08-05T16:09:15+08:00][sql] SELECT * FROM `sys_schedule` [ RunTime:0.004175s ]
[2025-08-05T16:09:45+08:00][sql] SELECT * FROM `sys_schedule` [ RunTime:0.004182s ]
[2025-08-05T16:10:15+08:00][sql] SELECT * FROM `sys_schedule` [ RunTime:0.004173s ]
[2025-08-05T16:10:45+08:00][sql] SELECT * FROM `sys_schedule` [ RunTime:0.004142s ]
[2025-08-05T16:11:15+08:00][sql] SELECT * FROM `sys_schedule` [ RunTime:0.004180s ]
[2025-08-05T16:11:45+08:00][sql] SELECT * FROM `sys_schedule` [ RunTime:0.004217s ]
[2025-08-05T16:12:15+08:00][sql] SELECT * FROM `sys_schedule` [ RunTime:0.004207s ]
[2025-08-05T16:12:45+08:00][sql] SELECT * FROM `sys_schedule` [ RunTime:0.004216s ]
[2025-08-05T16:13:15+08:00][sql] SELECT * FROM `sys_schedule` [ RunTime:0.004200s ]
[2025-08-05T16:13:45+08:00][sql] SELECT * FROM `sys_schedule` [ RunTime:0.004196s ]
[2025-08-05T16:14:15+08:00][sql] SELECT * FROM `sys_schedule` [ RunTime:0.004173s ]
[2025-08-05T16:14:45+08:00][sql] SELECT * FROM `sys_schedule` [ RunTime:0.004156s ]
[2025-08-05T16:15:15+08:00][sql] SELECT * FROM `sys_schedule` [ RunTime:0.004328s ]
[2025-08-05T16:15:45+08:00][sql] SELECT * FROM `sys_schedule` [ RunTime:0.004174s ]
[2025-08-05T16:16:15+08:00][sql] SELECT * FROM `sys_schedule` [ RunTime:0.004198s ]
[2025-08-05T16:16:45+08:00][sql] SELECT * FROM `sys_schedule` [ RunTime:0.004112s ]
[2025-08-05T16:17:15+08:00][sql] SELECT * FROM `sys_schedule` [ RunTime:0.004235s ]
[2025-08-05T16:17:45+08:00][sql] SELECT * FROM `sys_schedule` [ RunTime:0.004226s ]
[2025-08-05T16:18:15+08:00][sql] SELECT * FROM `sys_schedule` [ RunTime:0.004212s ]
[2025-08-05T16:18:45+08:00][sql] SELECT * FROM `sys_schedule` [ RunTime:0.004224s ]
[2025-08-05T16:19:15+08:00][sql] SELECT * FROM `sys_schedule` [ RunTime:0.004145s ]
[2025-08-05T16:19:45+08:00][sql] SELECT * FROM `sys_schedule` [ RunTime:0.004178s ]
[2025-08-05T16:20:15+08:00][sql] SELECT * FROM `sys_schedule` [ RunTime:0.004227s ]
[2025-08-05T16:20:45+08:00][sql] SELECT * FROM `sys_schedule` [ RunTime:0.004212s ]
[2025-08-05T16:21:15+08:00][sql] SELECT * FROM `sys_schedule` [ RunTime:0.004178s ]
[2025-08-05T16:21:45+08:00][sql] SELECT * FROM `sys_schedule` [ RunTime:0.004219s ]
[2025-08-05T16:22:15+08:00][sql] SELECT * FROM `sys_schedule` [ RunTime:0.004170s ]
[2025-08-05T16:22:45+08:00][sql] SELECT * FROM `sys_schedule` [ RunTime:0.004153s ]
[2025-08-05T16:23:15+08:00][sql] SELECT * FROM `sys_schedule` [ RunTime:0.004167s ]
[2025-08-05T16:23:45+08:00][sql] SELECT * FROM `sys_schedule` [ RunTime:0.004177s ]
[2025-08-05T16:24:15+08:00][sql] SELECT * FROM `sys_schedule` [ RunTime:0.004199s ]
[2025-08-05T16:24:45+08:00][sql] SELECT * FROM `sys_schedule` [ RunTime:0.004176s ]
[2025-08-05T16:25:15+08:00][sql] SELECT * FROM `sys_schedule` [ RunTime:0.004189s ]
[2025-08-05T16:25:45+08:00][sql] SELECT * FROM `sys_schedule` [ RunTime:0.004201s ]
[2025-08-05T16:26:15+08:00][sql] SELECT * FROM `sys_schedule` [ RunTime:0.004192s ]
[2025-08-05T16:26:45+08:00][sql] SELECT * FROM `sys_schedule` [ RunTime:0.004131s ]
[2025-08-05T16:27:15+08:00][sql] SELECT * FROM `sys_schedule` [ RunTime:0.004211s ]
[2025-08-05T16:27:45+08:00][sql] SELECT * FROM `sys_schedule` [ RunTime:0.004165s ]
[2025-08-05T16:28:15+08:00][sql] SELECT * FROM `sys_schedule` [ RunTime:0.004173s ]
[2025-08-05T16:28:45+08:00][sql] SELECT * FROM `sys_schedule` [ RunTime:0.004220s ]
[2025-08-05T16:29:15+08:00][sql] SELECT * FROM `sys_schedule` [ RunTime:0.004161s ]
[2025-08-05T16:29:45+08:00][sql] SELECT * FROM `sys_schedule` [ RunTime:0.004186s ]
[2025-08-05T16:30:15+08:00][sql] SELECT * FROM `sys_schedule` [ RunTime:0.004191s ]
[2025-08-05T16:30:45+08:00][sql] SELECT * FROM `sys_schedule` [ RunTime:0.004199s ]
[2025-08-05T16:31:15+08:00][sql] SELECT * FROM `sys_schedule` [ RunTime:0.004164s ]
[2025-08-05T16:31:45+08:00][sql] SELECT * FROM `sys_schedule` [ RunTime:0.004400s ]
[2025-08-05T16:32:15+08:00][sql] SELECT * FROM `sys_schedule` [ RunTime:0.004188s ]
[2025-08-05T16:32:45+08:00][sql] SELECT * FROM `sys_schedule` [ RunTime:0.004176s ]
[2025-08-05T16:33:15+08:00][sql] SELECT * FROM `sys_schedule` [ RunTime:0.004224s ]
[2025-08-05T16:33:45+08:00][sql] SELECT * FROM `sys_schedule` [ RunTime:0.004185s ]
[2025-08-05T16:34:15+08:00][sql] SELECT * FROM `sys_schedule` [ RunTime:0.004184s ]
[2025-08-05T16:34:45+08:00][sql] SELECT * FROM `sys_schedule` [ RunTime:0.004189s ]
[2025-08-05T16:35:15+08:00][sql] SELECT * FROM `sys_schedule` [ RunTime:0.004147s ]
[2025-08-05T16:35:45+08:00][sql] SELECT * FROM `sys_schedule` [ RunTime:0.004198s ]
[2025-08-05T16:36:15+08:00][sql] SELECT * FROM `sys_schedule` [ RunTime:0.004180s ]
[2025-08-05T16:36:45+08:00][sql] SELECT * FROM `sys_schedule` [ RunTime:0.004189s ]
[2025-08-05T16:37:15+08:00][sql] SELECT * FROM `sys_schedule` [ RunTime:0.004234s ]
[2025-08-05T16:37:45+08:00][sql] SELECT * FROM `sys_schedule` [ RunTime:0.004267s ]
[2025-08-05T16:38:15+08:00][sql] SELECT * FROM `sys_schedule` [ RunTime:0.004244s ]
[2025-08-05T16:38:45+08:00][sql] SELECT * FROM `sys_schedule` [ RunTime:0.004228s ]
[2025-08-05T16:39:15+08:00][sql] SELECT * FROM `sys_schedule` [ RunTime:0.004295s ]
[2025-08-05T16:39:45+08:00][sql] SELECT * FROM `sys_schedule` [ RunTime:0.004236s ]
[2025-08-05T16:40:15+08:00][sql] SELECT * FROM `sys_schedule` [ RunTime:0.004201s ]
[2025-08-05T16:40:45+08:00][sql] SELECT * FROM `sys_schedule` [ RunTime:0.004229s ]
[2025-08-05T16:41:15+08:00][sql] SELECT * FROM `sys_schedule` [ RunTime:0.004271s ]
[2025-08-05T16:41:45+08:00][sql] SELECT * FROM `sys_schedule` [ RunTime:0.004221s ]
[2025-08-05T16:42:15+08:00][sql] SELECT * FROM `sys_schedule` [ RunTime:0.004217s ]
[2025-08-05T16:42:45+08:00][sql] SELECT * FROM `sys_schedule` [ RunTime:0.004188s ]
[2025-08-05T16:43:15+08:00][sql] SELECT * FROM `sys_schedule` [ RunTime:0.004279s ]
[2025-08-05T16:43:45+08:00][sql] SELECT * FROM `sys_schedule` [ RunTime:0.004156s ]
[2025-08-05T16:44:15+08:00][sql] SELECT * FROM `sys_schedule` [ RunTime:0.004278s ]
[2025-08-05T16:44:45+08:00][sql] SELECT * FROM `sys_schedule` [ RunTime:0.004214s ]
[2025-08-05T16:45:15+08:00][sql] SELECT * FROM `sys_schedule` [ RunTime:0.004208s ]
[2025-08-05T16:45:45+08:00][sql] SELECT * FROM `sys_schedule` [ RunTime:0.004167s ]
[2025-08-05T16:46:15+08:00][sql] SELECT * FROM `sys_schedule` [ RunTime:0.004229s ]
[2025-08-05T16:46:45+08:00][sql] SELECT * FROM `sys_schedule` [ RunTime:0.004178s ]
[2025-08-05T16:47:15+08:00][sql] SELECT * FROM `sys_schedule` [ RunTime:0.004179s ]
[2025-08-05T16:47:45+08:00][sql] SELECT * FROM `sys_schedule` [ RunTime:0.004187s ]
[2025-08-05T16:48:15+08:00][sql] SELECT * FROM `sys_schedule` [ RunTime:0.004189s ]
[2025-08-05T16:48:45+08:00][sql] SELECT * FROM `sys_schedule` [ RunTime:0.004206s ]
[2025-08-05T16:49:15+08:00][sql] SELECT * FROM `sys_schedule` [ RunTime:0.004218s ]
[2025-08-05T16:49:45+08:00][sql] SELECT * FROM `sys_schedule` [ RunTime:0.004233s ]
[2025-08-05T16:50:15+08:00][sql] SELECT * FROM `sys_schedule` [ RunTime:0.004110s ]
[2025-08-05T16:50:45+08:00][sql] SELECT * FROM `sys_schedule` [ RunTime:0.004224s ]
[2025-08-05T16:51:15+08:00][sql] SELECT * FROM `sys_schedule` [ RunTime:0.004181s ]
[2025-08-05T16:51:45+08:00][sql] SELECT * FROM `sys_schedule` [ RunTime:0.004115s ]
[2025-08-05T16:52:15+08:00][sql] SELECT * FROM `sys_schedule` [ RunTime:0.004200s ]
[2025-08-05T16:52:45+08:00][sql] SELECT * FROM `sys_schedule` [ RunTime:0.004125s ]
[2025-08-05T16:53:15+08:00][sql] SELECT * FROM `sys_schedule` [ RunTime:0.004164s ]
[2025-08-05T16:53:45+08:00][sql] SELECT * FROM `sys_schedule` [ RunTime:0.004236s ]
[2025-08-05T16:54:15+08:00][sql] SELECT * FROM `sys_schedule` [ RunTime:0.004151s ]
[2025-08-05T16:54:45+08:00][sql] SELECT * FROM `sys_schedule` [ RunTime:0.004160s ]
[2025-08-05T16:55:15+08:00][sql] SELECT * FROM `sys_schedule` [ RunTime:0.004207s ]
[2025-08-05T16:55:45+08:00][sql] SELECT * FROM `sys_schedule` [ RunTime:0.004242s ]
[2025-08-05T16:56:15+08:00][sql] SELECT * FROM `sys_schedule` [ RunTime:0.004181s ]
[2025-08-05T16:56:45+08:00][sql] SELECT * FROM `sys_schedule` [ RunTime:0.004205s ]
[2025-08-05T16:57:15+08:00][sql] SELECT * FROM `sys_schedule` [ RunTime:0.004177s ]
[2025-08-05T16:57:45+08:00][sql] SELECT * FROM `sys_schedule` [ RunTime:0.004211s ]
[2025-08-05T16:58:15+08:00][sql] SELECT * FROM `sys_schedule` [ RunTime:0.004123s ]
[2025-08-05T16:58:45+08:00][sql] SELECT * FROM `sys_schedule` [ RunTime:0.004150s ]
[2025-08-05T16:59:15+08:00][sql] SELECT * FROM `sys_schedule` [ RunTime:0.004113s ]
[2025-08-05T16:59:45+08:00][sql] SELECT * FROM `sys_schedule` [ RunTime:0.004182s ]
[2025-08-05T17:00:15+08:00][sql] SELECT * FROM `sys_schedule` [ RunTime:0.004163s ]
[2025-08-05T17:00:45+08:00][sql] SELECT * FROM `sys_schedule` [ RunTime:0.004199s ]
[2025-08-05T17:01:15+08:00][sql] SELECT * FROM `sys_schedule` [ RunTime:0.004180s ]
[2025-08-05T17:01:45+08:00][sql] SELECT * FROM `sys_schedule` [ RunTime:0.004170s ]
[2025-08-05T17:02:15+08:00][sql] SELECT * FROM `sys_schedule` [ RunTime:0.004237s ]
[2025-08-05T17:02:45+08:00][sql] SELECT * FROM `sys_schedule` [ RunTime:0.004164s ]
[2025-08-05T17:03:15+08:00][sql] SELECT * FROM `sys_schedule` [ RunTime:0.004099s ]
[2025-08-05T17:03:45+08:00][sql] SELECT * FROM `sys_schedule` [ RunTime:0.004213s ]
[2025-08-05T17:04:15+08:00][sql] SELECT * FROM `sys_schedule` [ RunTime:0.004179s ]
[2025-08-05T17:04:45+08:00][sql] SELECT * FROM `sys_schedule` [ RunTime:0.004218s ]
[2025-08-05T17:05:15+08:00][sql] SELECT * FROM `sys_schedule` [ RunTime:0.004183s ]
[2025-08-05T17:05:45+08:00][sql] SELECT * FROM `sys_schedule` [ RunTime:0.004126s ]
[2025-08-05T17:06:15+08:00][sql] SELECT * FROM `sys_schedule` [ RunTime:0.004153s ]
[2025-08-05T17:06:45+08:00][sql] SELECT * FROM `sys_schedule` [ RunTime:0.004162s ]
[2025-08-05T17:07:15+08:00][sql] SELECT * FROM `sys_schedule` [ RunTime:0.004158s ]
[2025-08-05T17:07:45+08:00][sql] SELECT * FROM `sys_schedule` [ RunTime:0.004173s ]
[2025-08-05T17:08:15+08:00][sql] SELECT * FROM `sys_schedule` [ RunTime:0.004170s ]
[2025-08-05T17:08:45+08:00][sql] SELECT * FROM `sys_schedule` [ RunTime:0.004141s ]
[2025-08-05T17:09:15+08:00][sql] SELECT * FROM `sys_schedule` [ RunTime:0.004134s ]
[2025-08-05T17:09:45+08:00][sql] SELECT * FROM `sys_schedule` [ RunTime:0.004169s ]
[2025-08-05T17:10:15+08:00][sql] SELECT * FROM `sys_schedule` [ RunTime:0.004174s ]
[2025-08-05T17:10:45+08:00][sql] SELECT * FROM `sys_schedule` [ RunTime:0.004178s ]
[2025-08-05T17:11:15+08:00][sql] SELECT * FROM `sys_schedule` [ RunTime:0.004213s ]
[2025-08-05T17:11:45+08:00][sql] SELECT * FROM `sys_schedule` [ RunTime:0.004168s ]
[2025-08-05T17:12:15+08:00][sql] SELECT * FROM `sys_schedule` [ RunTime:0.004126s ]
[2025-08-05T17:12:45+08:00][sql] SELECT * FROM `sys_schedule` [ RunTime:0.004181s ]
[2025-08-05T17:13:15+08:00][sql] SELECT * FROM `sys_schedule` [ RunTime:0.004148s ]
[2025-08-05T17:13:45+08:00][sql] SELECT * FROM `sys_schedule` [ RunTime:0.004114s ]
[2025-08-05T17:14:15+08:00][sql] SELECT * FROM `sys_schedule` [ RunTime:0.004119s ]
[2025-08-05T17:14:45+08:00][sql] SELECT * FROM `sys_schedule` [ RunTime:0.004216s ]
[2025-08-05T17:15:15+08:00][sql] SELECT * FROM `sys_schedule` [ RunTime:0.004189s ]
[2025-08-05T17:15:45+08:00][sql] SELECT * FROM `sys_schedule` [ RunTime:0.004115s ]
[2025-08-05T17:16:15+08:00][sql] SELECT * FROM `sys_schedule` [ RunTime:0.004201s ]
[2025-08-05T17:16:45+08:00][sql] SELECT * FROM `sys_schedule` [ RunTime:0.004152s ]
[2025-08-05T17:17:15+08:00][sql] SELECT * FROM `sys_schedule` [ RunTime:0.004180s ]
[2025-08-05T17:17:45+08:00][sql] SELECT * FROM `sys_schedule` [ RunTime:0.004204s ]
[2025-08-05T17:18:15+08:00][sql] SELECT * FROM `sys_schedule` [ RunTime:0.004234s ]
[2025-08-05T17:18:45+08:00][sql] SELECT * FROM `sys_schedule` [ RunTime:0.004161s ]
[2025-08-05T17:19:15+08:00][sql] SELECT * FROM `sys_schedule` [ RunTime:0.004197s ]
[2025-08-05T17:19:45+08:00][sql] SELECT * FROM `sys_schedule` [ RunTime:0.004135s ]
[2025-08-05T17:20:15+08:00][sql] SELECT * FROM `sys_schedule` [ RunTime:0.004215s ]
[2025-08-05T17:20:45+08:00][sql] SELECT * FROM `sys_schedule` [ RunTime:0.004156s ]
[2025-08-05T17:21:15+08:00][sql] SELECT * FROM `sys_schedule` [ RunTime:0.004248s ]
[2025-08-05T17:21:45+08:00][sql] SELECT * FROM `sys_schedule` [ RunTime:0.004142s ]
[2025-08-05T17:22:15+08:00][sql] SELECT * FROM `sys_schedule` [ RunTime:0.004248s ]
[2025-08-05T17:22:45+08:00][sql] SELECT * FROM `sys_schedule` [ RunTime:0.004209s ]
[2025-08-05T17:23:15+08:00][sql] SELECT * FROM `sys_schedule` [ RunTime:0.004231s ]
[2025-08-05T17:23:45+08:00][sql] SELECT * FROM `sys_schedule` [ RunTime:0.004224s ]
[2025-08-05T17:24:15+08:00][sql] SELECT * FROM `sys_schedule` [ RunTime:0.004152s ]
[2025-08-05T17:24:45+08:00][sql] SELECT * FROM `sys_schedule` [ RunTime:0.004180s ]
[2025-08-05T17:25:15+08:00][sql] SELECT * FROM `sys_schedule` [ RunTime:0.004218s ]
[2025-08-05T17:25:45+08:00][sql] SELECT * FROM `sys_schedule` [ RunTime:0.004195s ]
[2025-08-05T17:26:15+08:00][sql] SELECT * FROM `sys_schedule` [ RunTime:0.004212s ]
[2025-08-05T17:26:45+08:00][sql] SELECT * FROM `sys_schedule` [ RunTime:0.004158s ]
[2025-08-05T17:27:15+08:00][sql] SELECT * FROM `sys_schedule` [ RunTime:0.004262s ]
[2025-08-05T17:27:45+08:00][sql] SELECT * FROM `sys_schedule` [ RunTime:0.004237s ]
[2025-08-05T17:28:15+08:00][sql] SELECT * FROM `sys_schedule` [ RunTime:0.004183s ]
[2025-08-05T17:28:45+08:00][sql] SELECT * FROM `sys_schedule` [ RunTime:0.004208s ]
[2025-08-05T17:29:15+08:00][sql] SELECT * FROM `sys_schedule` [ RunTime:0.004484s ]
[2025-08-05T17:29:45+08:00][sql] SELECT * FROM `sys_schedule` [ RunTime:0.004379s ]
[2025-08-05T17:30:15+08:00][sql] SELECT * FROM `sys_schedule` [ RunTime:0.004475s ]
[2025-08-05T17:30:45+08:00][sql] SELECT * FROM `sys_schedule` [ RunTime:0.004206s ]
[2025-08-05T17:31:15+08:00][sql] SELECT * FROM `sys_schedule` [ RunTime:0.004191s ]
[2025-08-05T17:31:45+08:00][sql] SELECT * FROM `sys_schedule` [ RunTime:0.004150s ]
[2025-08-05T17:32:15+08:00][sql] SELECT * FROM `sys_schedule` [ RunTime:0.004217s ]
[2025-08-05T17:32:45+08:00][sql] SELECT * FROM `sys_schedule` [ RunTime:0.004207s ]
[2025-08-05T17:33:15+08:00][sql] SELECT * FROM `sys_schedule` [ RunTime:0.004157s ]
[2025-08-05T17:33:45+08:00][sql] SELECT * FROM `sys_schedule` [ RunTime:0.004155s ]
[2025-08-05T17:34:15+08:00][sql] SELECT * FROM `sys_schedule` [ RunTime:0.004232s ]
[2025-08-05T17:34:45+08:00][sql] SELECT * FROM `sys_schedule` [ RunTime:0.004203s ]
[2025-08-05T17:35:15+08:00][sql] SELECT * FROM `sys_schedule` [ RunTime:0.004227s ]
[2025-08-05T17:35:45+08:00][sql] SELECT * FROM `sys_schedule` [ RunTime:0.004258s ]
[2025-08-05T17:36:15+08:00][sql] SELECT * FROM `sys_schedule` [ RunTime:0.004227s ]
[2025-08-05T17:36:45+08:00][sql] SELECT * FROM `sys_schedule` [ RunTime:0.004292s ]
[2025-08-05T17:37:15+08:00][sql] SELECT * FROM `sys_schedule` [ RunTime:0.004467s ]
[2025-08-05T17:37:45+08:00][sql] SELECT * FROM `sys_schedule` [ RunTime:0.004191s ]
[2025-08-05T17:38:15+08:00][sql] SELECT * FROM `sys_schedule` [ RunTime:0.004188s ]
[2025-08-05T17:38:45+08:00][sql] SELECT * FROM `sys_schedule` [ RunTime:0.004225s ]
[2025-08-05T17:39:15+08:00][sql] SELECT * FROM `sys_schedule` [ RunTime:0.004195s ]
[2025-08-05T17:39:45+08:00][sql] SELECT * FROM `sys_schedule` [ RunTime:0.004267s ]
[2025-08-05T17:40:15+08:00][sql] SELECT * FROM `sys_schedule` [ RunTime:0.004513s ]
[2025-08-05T17:40:45+08:00][sql] SELECT * FROM `sys_schedule` [ RunTime:0.004322s ]
[2025-08-05T17:41:15+08:00][sql] SELECT * FROM `sys_schedule` [ RunTime:0.004169s ]
[2025-08-05T17:41:45+08:00][sql] SELECT * FROM `sys_schedule` [ RunTime:0.004224s ]
[2025-08-05T17:42:15+08:00][sql] SELECT * FROM `sys_schedule` [ RunTime:0.004211s ]
[2025-08-05T17:42:45+08:00][sql] SELECT * FROM `sys_schedule` [ RunTime:0.004182s ]
[2025-08-05T17:43:15+08:00][sql] SELECT * FROM `sys_schedule` [ RunTime:0.004195s ]
[2025-08-05T17:43:45+08:00][sql] SELECT * FROM `sys_schedule` [ RunTime:0.004152s ]
[2025-08-05T17:44:15+08:00][sql] SELECT * FROM `sys_schedule` [ RunTime:0.004169s ]
[2025-08-05T17:44:45+08:00][sql] SELECT * FROM `sys_schedule` [ RunTime:0.004140s ]
[2025-08-05T17:45:15+08:00][sql] SELECT * FROM `sys_schedule` [ RunTime:0.004227s ]
[2025-08-05T17:45:45+08:00][sql] SELECT * FROM `sys_schedule` [ RunTime:0.004366s ]
[2025-08-05T17:46:15+08:00][sql] SELECT * FROM `sys_schedule` [ RunTime:0.004227s ]
[2025-08-05T17:46:45+08:00][sql] SELECT * FROM `sys_schedule` [ RunTime:0.004157s ]
[2025-08-05T17:47:15+08:00][sql] SELECT * FROM `sys_schedule` [ RunTime:0.004156s ]
[2025-08-05T17:47:45+08:00][sql] SELECT * FROM `sys_schedule` [ RunTime:0.004244s ]
[2025-08-05T17:48:15+08:00][sql] SELECT * FROM `sys_schedule` [ RunTime:0.004173s ]
[2025-08-05T17:48:45+08:00][sql] SELECT * FROM `sys_schedule` [ RunTime:0.004235s ]
[2025-08-05T17:49:15+08:00][sql] SELECT * FROM `sys_schedule` [ RunTime:0.004224s ]
[2025-08-05T17:49:45+08:00][sql] SELECT * FROM `sys_schedule` [ RunTime:0.004157s ]
[2025-08-05T17:50:15+08:00][sql] SELECT * FROM `sys_schedule` [ RunTime:0.004180s ]
[2025-08-05T17:50:45+08:00][sql] SELECT * FROM `sys_schedule` [ RunTime:0.004188s ]
[2025-08-05T17:51:15+08:00][sql] SELECT * FROM `sys_schedule` [ RunTime:0.004154s ]
[2025-08-05T17:51:45+08:00][sql] SELECT * FROM `sys_schedule` [ RunTime:0.004164s ]
[2025-08-05T17:52:15+08:00][sql] SELECT * FROM `sys_schedule` [ RunTime:0.004211s ]
[2025-08-05T17:52:45+08:00][sql] SELECT * FROM `sys_schedule` [ RunTime:0.004208s ]
[2025-08-05T17:53:15+08:00][sql] SELECT * FROM `sys_schedule` [ RunTime:0.004192s ]
[2025-08-05T17:53:45+08:00][sql] SELECT * FROM `sys_schedule` [ RunTime:0.004168s ]
[2025-08-05T17:54:15+08:00][sql] SELECT * FROM `sys_schedule` [ RunTime:0.004149s ]
[2025-08-05T17:54:45+08:00][sql] SELECT * FROM `sys_schedule` [ RunTime:0.004187s ]
[2025-08-05T17:55:15+08:00][sql] SELECT * FROM `sys_schedule` [ RunTime:0.004181s ]
[2025-08-05T17:55:45+08:00][sql] SELECT * FROM `sys_schedule` [ RunTime:0.004126s ]
[2025-08-05T17:56:15+08:00][sql] SELECT * FROM `sys_schedule` [ RunTime:0.004156s ]
[2025-08-05T17:56:45+08:00][sql] SELECT * FROM `sys_schedule` [ RunTime:0.004170s ]
[2025-08-05T17:57:15+08:00][sql] SELECT * FROM `sys_schedule` [ RunTime:0.004166s ]
[2025-08-05T17:57:45+08:00][sql] SELECT * FROM `sys_schedule` [ RunTime:0.004186s ]
[2025-08-05T17:58:15+08:00][sql] SELECT * FROM `sys_schedule` [ RunTime:0.004133s ]
[2025-08-05T17:58:45+08:00][sql] SELECT * FROM `sys_schedule` [ RunTime:0.004173s ]
[2025-08-05T17:59:15+08:00][sql] SELECT * FROM `sys_schedule` [ RunTime:0.004141s ]
[2025-08-05T17:59:45+08:00][sql] SELECT * FROM `sys_schedule` [ RunTime:0.004228s ]
[2025-08-05T18:00:15+08:00][sql] SELECT * FROM `sys_schedule` [ RunTime:0.004194s ]
[2025-08-05T18:00:45+08:00][sql] SELECT * FROM `sys_schedule` [ RunTime:0.004160s ]
[2025-08-05T18:01:15+08:00][sql] SELECT * FROM `sys_schedule` [ RunTime:0.004157s ]
[2025-08-05T18:01:45+08:00][sql] SELECT * FROM `sys_schedule` [ RunTime:0.004216s ]
[2025-08-05T18:02:15+08:00][sql] SELECT * FROM `sys_schedule` [ RunTime:0.004119s ]
[2025-08-05T18:02:45+08:00][sql] SELECT * FROM `sys_schedule` [ RunTime:0.004127s ]
[2025-08-05T18:03:15+08:00][sql] SELECT * FROM `sys_schedule` [ RunTime:0.004138s ]
[2025-08-05T18:03:45+08:00][sql] SELECT * FROM `sys_schedule` [ RunTime:0.004187s ]
[2025-08-05T18:04:15+08:00][sql] SELECT * FROM `sys_schedule` [ RunTime:0.004148s ]
[2025-08-05T18:04:45+08:00][sql] SELECT * FROM `sys_schedule` [ RunTime:0.004243s ]
[2025-08-05T18:05:15+08:00][sql] SELECT * FROM `sys_schedule` [ RunTime:0.004158s ]
[2025-08-05T18:05:45+08:00][sql] SELECT * FROM `sys_schedule` [ RunTime:0.004191s ]
[2025-08-05T18:06:15+08:00][sql] SELECT * FROM `sys_schedule` [ RunTime:0.004164s ]
[2025-08-05T18:06:45+08:00][sql] SELECT * FROM `sys_schedule` [ RunTime:0.004183s ]
[2025-08-05T18:07:15+08:00][sql] SELECT * FROM `sys_schedule` [ RunTime:0.004185s ]
[2025-08-05T18:07:45+08:00][sql] SELECT * FROM `sys_schedule` [ RunTime:0.004223s ]
[2025-08-05T18:08:15+08:00][sql] SELECT * FROM `sys_schedule` [ RunTime:0.004150s ]
[2025-08-05T18:08:45+08:00][sql] SELECT * FROM `sys_schedule` [ RunTime:0.004222s ]
[2025-08-05T18:09:15+08:00][sql] SELECT * FROM `sys_schedule` [ RunTime:0.004161s ]
[2025-08-05T18:09:45+08:00][sql] SELECT * FROM `sys_schedule` [ RunTime:0.004206s ]
[2025-08-05T18:10:15+08:00][sql] SELECT * FROM `sys_schedule` [ RunTime:0.004149s ]
[2025-08-05T18:10:45+08:00][sql] SELECT * FROM `sys_schedule` [ RunTime:0.004191s ]
[2025-08-05T18:11:15+08:00][sql] SELECT * FROM `sys_schedule` [ RunTime:0.004179s ]
[2025-08-05T18:11:45+08:00][sql] SELECT * FROM `sys_schedule` [ RunTime:0.004214s ]
[2025-08-05T18:12:15+08:00][sql] SELECT * FROM `sys_schedule` [ RunTime:0.004215s ]
[2025-08-05T18:12:45+08:00][sql] SELECT * FROM `sys_schedule` [ RunTime:0.004165s ]
[2025-08-05T18:13:15+08:00][sql] SELECT * FROM `sys_schedule` [ RunTime:0.004199s ]
[2025-08-05T18:13:45+08:00][sql] SELECT * FROM `sys_schedule` [ RunTime:0.004190s ]
[2025-08-05T18:14:15+08:00][sql] SELECT * FROM `sys_schedule` [ RunTime:0.004203s ]
[2025-08-05T18:14:45+08:00][sql] SELECT * FROM `sys_schedule` [ RunTime:0.004216s ]
[2025-08-05T18:15:15+08:00][sql] SELECT * FROM `sys_schedule` [ RunTime:0.004211s ]
[2025-08-05T18:15:45+08:00][sql] SELECT * FROM `sys_schedule` [ RunTime:0.004211s ]
[2025-08-05T18:16:15+08:00][sql] SELECT * FROM `sys_schedule` [ RunTime:0.004128s ]
[2025-08-05T18:16:45+08:00][sql] SELECT * FROM `sys_schedule` [ RunTime:0.004098s ]
[2025-08-05T18:17:15+08:00][sql] SELECT * FROM `sys_schedule` [ RunTime:0.004165s ]
[2025-08-05T18:17:45+08:00][sql] SELECT * FROM `sys_schedule` [ RunTime:0.004154s ]
[2025-08-05T18:18:15+08:00][sql] SELECT * FROM `sys_schedule` [ RunTime:0.004163s ]
[2025-08-05T18:18:45+08:00][sql] SELECT * FROM `sys_schedule` [ RunTime:0.004180s ]
[2025-08-05T18:19:15+08:00][sql] SELECT * FROM `sys_schedule` [ RunTime:0.004199s ]
[2025-08-05T18:19:45+08:00][sql] SELECT * FROM `sys_schedule` [ RunTime:0.004218s ]
[2025-08-05T18:20:15+08:00][sql] SELECT * FROM `sys_schedule` [ RunTime:0.004191s ]
[2025-08-05T18:20:45+08:00][sql] SELECT * FROM `sys_schedule` [ RunTime:0.004210s ]
[2025-08-05T18:21:15+08:00][sql] SELECT * FROM `sys_schedule` [ RunTime:0.004184s ]
[2025-08-05T18:21:45+08:00][sql] SELECT * FROM `sys_schedule` [ RunTime:0.004183s ]
[2025-08-05T18:22:15+08:00][sql] SELECT * FROM `sys_schedule` [ RunTime:0.004218s ]
[2025-08-05T18:22:45+08:00][sql] SELECT * FROM `sys_schedule` [ RunTime:0.004229s ]
[2025-08-05T18:23:15+08:00][sql] SELECT * FROM `sys_schedule` [ RunTime:0.004338s ]
[2025-08-05T18:23:45+08:00][sql] SELECT * FROM `sys_schedule` [ RunTime:0.004216s ]
[2025-08-05T18:24:15+08:00][sql] SELECT * FROM `sys_schedule` [ RunTime:0.004204s ]
[2025-08-05T18:24:45+08:00][sql] SELECT * FROM `sys_schedule` [ RunTime:0.004179s ]
[2025-08-05T18:25:15+08:00][sql] SELECT * FROM `sys_schedule` [ RunTime:0.004176s ]
[2025-08-05T18:25:45+08:00][sql] SELECT * FROM `sys_schedule` [ RunTime:0.004200s ]
[2025-08-05T18:26:15+08:00][sql] SELECT * FROM `sys_schedule` [ RunTime:0.004245s ]
[2025-08-05T18:26:45+08:00][sql] SELECT * FROM `sys_schedule` [ RunTime:0.004298s ]
[2025-08-05T18:27:15+08:00][sql] SELECT * FROM `sys_schedule` [ RunTime:0.004172s ]
[2025-08-05T18:27:45+08:00][sql] SELECT * FROM `sys_schedule` [ RunTime:0.004156s ]
[2025-08-05T18:28:15+08:00][sql] SELECT * FROM `sys_schedule` [ RunTime:0.004204s ]
[2025-08-05T18:28:45+08:00][sql] SELECT * FROM `sys_schedule` [ RunTime:0.004157s ]
[2025-08-05T18:29:15+08:00][sql] SELECT * FROM `sys_schedule` [ RunTime:0.004180s ]
[2025-08-05T18:29:45+08:00][sql] SELECT * FROM `sys_schedule` [ RunTime:0.004158s ]
[2025-08-05T18:30:15+08:00][sql] SELECT * FROM `sys_schedule` [ RunTime:0.004166s ]
[2025-08-05T18:30:45+08:00][sql] SELECT * FROM `sys_schedule` [ RunTime:0.004198s ]
[2025-08-05T18:31:15+08:00][sql] SELECT * FROM `sys_schedule` [ RunTime:0.004175s ]
[2025-08-05T18:31:45+08:00][sql] SELECT * FROM `sys_schedule` [ RunTime:0.004207s ]
[2025-08-05T18:32:15+08:00][sql] SELECT * FROM `sys_schedule` [ RunTime:0.004205s ]
[2025-08-05T18:32:45+08:00][sql] SELECT * FROM `sys_schedule` [ RunTime:0.004190s ]
[2025-08-05T18:33:15+08:00][sql] SELECT * FROM `sys_schedule` [ RunTime:0.004169s ]
[2025-08-05T18:33:45+08:00][sql] SELECT * FROM `sys_schedule` [ RunTime:0.004175s ]
[2025-08-05T18:34:15+08:00][sql] SELECT * FROM `sys_schedule` [ RunTime:0.004206s ]
[2025-08-05T18:34:45+08:00][sql] SELECT * FROM `sys_schedule` [ RunTime:0.004175s ]
[2025-08-05T18:35:15+08:00][sql] SELECT * FROM `sys_schedule` [ RunTime:0.004186s ]
[2025-08-05T18:35:45+08:00][sql] SELECT * FROM `sys_schedule` [ RunTime:0.004170s ]
[2025-08-05T18:36:15+08:00][sql] SELECT * FROM `sys_schedule` [ RunTime:0.004187s ]
[2025-08-05T18:36:45+08:00][sql] SELECT * FROM `sys_schedule` [ RunTime:0.004182s ]
[2025-08-05T18:37:15+08:00][sql] SELECT * FROM `sys_schedule` [ RunTime:0.004199s ]
[2025-08-05T18:37:45+08:00][sql] SELECT * FROM `sys_schedule` [ RunTime:0.004201s ]
[2025-08-05T18:38:15+08:00][sql] SELECT * FROM `sys_schedule` [ RunTime:0.004161s ]
[2025-08-05T18:38:45+08:00][sql] SELECT * FROM `sys_schedule` [ RunTime:0.004161s ]
[2025-08-05T18:39:15+08:00][sql] SELECT * FROM `sys_schedule` [ RunTime:0.004208s ]
[2025-08-05T18:39:45+08:00][sql] SELECT * FROM `sys_schedule` [ RunTime:0.004198s ]
[2025-08-05T18:40:15+08:00][sql] SELECT * FROM `sys_schedule` [ RunTime:0.004194s ]
[2025-08-05T18:40:45+08:00][sql] SELECT * FROM `sys_schedule` [ RunTime:0.004134s ]
[2025-08-05T18:41:15+08:00][sql] SELECT * FROM `sys_schedule` [ RunTime:0.004113s ]
[2025-08-05T18:41:45+08:00][sql] SELECT * FROM `sys_schedule` [ RunTime:0.004165s ]
[2025-08-05T18:42:15+08:00][sql] SELECT * FROM `sys_schedule` [ RunTime:0.004217s ]
[2025-08-05T18:42:45+08:00][sql] SELECT * FROM `sys_schedule` [ RunTime:0.004129s ]
[2025-08-05T18:43:15+08:00][sql] SELECT * FROM `sys_schedule` [ RunTime:0.004147s ]
[2025-08-05T18:43:45+08:00][sql] SELECT * FROM `sys_schedule` [ RunTime:0.004131s ]
[2025-08-05T18:44:15+08:00][sql] SELECT * FROM `sys_schedule` [ RunTime:0.004153s ]
[2025-08-05T18:44:45+08:00][sql] SELECT * FROM `sys_schedule` [ RunTime:0.004223s ]
[2025-08-05T18:45:15+08:00][sql] SELECT * FROM `sys_schedule` [ RunTime:0.004151s ]
[2025-08-05T18:45:45+08:00][sql] SELECT * FROM `sys_schedule` [ RunTime:0.004133s ]
[2025-08-05T18:46:15+08:00][sql] SELECT * FROM `sys_schedule` [ RunTime:0.004128s ]
[2025-08-05T18:46:45+08:00][sql] SELECT * FROM `sys_schedule` [ RunTime:0.004215s ]
[2025-08-05T18:47:15+08:00][sql] SELECT * FROM `sys_schedule` [ RunTime:0.004261s ]
[2025-08-05T18:47:45+08:00][sql] SELECT * FROM `sys_schedule` [ RunTime:0.004154s ]
[2025-08-05T18:48:15+08:00][sql] SELECT * FROM `sys_schedule` [ RunTime:0.004182s ]
[2025-08-05T18:48:45+08:00][sql] SELECT * FROM `sys_schedule` [ RunTime:0.004229s ]
[2025-08-05T18:49:15+08:00][sql] SELECT * FROM `sys_schedule` [ RunTime:0.004167s ]
[2025-08-05T18:49:45+08:00][sql] SELECT * FROM `sys_schedule` [ RunTime:0.004173s ]
[2025-08-05T18:50:15+08:00][sql] SELECT * FROM `sys_schedule` [ RunTime:0.004224s ]
[2025-08-05T18:50:45+08:00][sql] SELECT * FROM `sys_schedule` [ RunTime:0.004193s ]
[2025-08-05T18:51:15+08:00][sql] SELECT * FROM `sys_schedule` [ RunTime:0.004185s ]
[2025-08-05T18:51:45+08:00][sql] SELECT * FROM `sys_schedule` [ RunTime:0.004176s ]
[2025-08-05T18:52:15+08:00][sql] SELECT * FROM `sys_schedule` [ RunTime:0.004144s ]
[2025-08-05T18:52:45+08:00][sql] SELECT * FROM `sys_schedule` [ RunTime:0.004199s ]
[2025-08-05T18:53:15+08:00][sql] SELECT * FROM `sys_schedule` [ RunTime:0.004161s ]
[2025-08-05T18:53:45+08:00][sql] SELECT * FROM `sys_schedule` [ RunTime:0.004177s ]
[2025-08-05T18:54:15+08:00][sql] SELECT * FROM `sys_schedule` [ RunTime:0.004111s ]
[2025-08-05T18:54:45+08:00][sql] SELECT * FROM `sys_schedule` [ RunTime:0.004188s ]
[2025-08-05T18:55:15+08:00][sql] SELECT * FROM `sys_schedule` [ RunTime:0.004143s ]
[2025-08-05T18:55:45+08:00][sql] SELECT * FROM `sys_schedule` [ RunTime:0.004146s ]
[2025-08-05T18:56:15+08:00][sql] SELECT * FROM `sys_schedule` [ RunTime:0.004109s ]
[2025-08-05T18:56:45+08:00][sql] SELECT * FROM `sys_schedule` [ RunTime:0.004165s ]
[2025-08-05T18:57:15+08:00][sql] SELECT * FROM `sys_schedule` [ RunTime:0.004215s ]
[2025-08-05T18:57:45+08:00][sql] SELECT * FROM `sys_schedule` [ RunTime:0.004259s ]
[2025-08-05T18:58:15+08:00][sql] SELECT * FROM `sys_schedule` [ RunTime:0.004227s ]
[2025-08-05T18:58:45+08:00][sql] SELECT * FROM `sys_schedule` [ RunTime:0.004133s ]
[2025-08-05T18:59:15+08:00][sql] SELECT * FROM `sys_schedule` [ RunTime:0.004185s ]
[2025-08-05T18:59:45+08:00][sql] SELECT * FROM `sys_schedule` [ RunTime:0.004162s ]
[2025-08-05T19:00:15+08:00][sql] SELECT * FROM `sys_schedule` [ RunTime:0.004219s ]
[2025-08-05T19:00:45+08:00][sql] SELECT * FROM `sys_schedule` [ RunTime:0.004133s ]
[2025-08-05T19:01:15+08:00][sql] SELECT * FROM `sys_schedule` [ RunTime:0.004151s ]
[2025-08-05T19:01:45+08:00][sql] SELECT * FROM `sys_schedule` [ RunTime:0.004196s ]
[2025-08-05T19:02:15+08:00][sql] SELECT * FROM `sys_schedule` [ RunTime:0.004153s ]
[2025-08-05T19:02:45+08:00][sql] SELECT * FROM `sys_schedule` [ RunTime:0.004148s ]
[2025-08-05T19:03:15+08:00][sql] SELECT * FROM `sys_schedule` [ RunTime:0.004199s ]
[2025-08-05T19:03:45+08:00][sql] SELECT * FROM `sys_schedule` [ RunTime:0.004263s ]
[2025-08-05T19:04:15+08:00][sql] SELECT * FROM `sys_schedule` [ RunTime:0.004201s ]
[2025-08-05T19:04:45+08:00][sql] SELECT * FROM `sys_schedule` [ RunTime:0.004250s ]
[2025-08-05T19:05:15+08:00][sql] SELECT * FROM `sys_schedule` [ RunTime:0.004187s ]
[2025-08-05T19:05:45+08:00][sql] SELECT * FROM `sys_schedule` [ RunTime:0.004163s ]
[2025-08-05T19:06:15+08:00][sql] SELECT * FROM `sys_schedule` [ RunTime:0.004214s ]
[2025-08-05T19:06:45+08:00][sql] SELECT * FROM `sys_schedule` [ RunTime:0.004180s ]
[2025-08-05T19:07:15+08:00][sql] SELECT * FROM `sys_schedule` [ RunTime:0.004191s ]
[2025-08-05T19:07:45+08:00][sql] SELECT * FROM `sys_schedule` [ RunTime:0.004167s ]
[2025-08-05T19:08:15+08:00][sql] SELECT * FROM `sys_schedule` [ RunTime:0.004183s ]
[2025-08-05T19:08:45+08:00][sql] SELECT * FROM `sys_schedule` [ RunTime:0.004191s ]
[2025-08-05T19:09:15+08:00][sql] SELECT * FROM `sys_schedule` [ RunTime:0.004192s ]
[2025-08-05T19:09:45+08:00][sql] SELECT * FROM `sys_schedule` [ RunTime:0.004175s ]
[2025-08-05T19:10:15+08:00][sql] SELECT * FROM `sys_schedule` [ RunTime:0.004195s ]
[2025-08-05T19:10:45+08:00][sql] SELECT * FROM `sys_schedule` [ RunTime:0.004161s ]
[2025-08-05T19:11:15+08:00][sql] SELECT * FROM `sys_schedule` [ RunTime:0.004246s ]
[2025-08-05T19:11:45+08:00][sql] SELECT * FROM `sys_schedule` [ RunTime:0.004201s ]
[2025-08-05T19:12:15+08:00][sql] SELECT * FROM `sys_schedule` [ RunTime:0.004197s ]
[2025-08-05T19:12:45+08:00][sql] SELECT * FROM `sys_schedule` [ RunTime:0.004157s ]
[2025-08-05T19:13:15+08:00][sql] SELECT * FROM `sys_schedule` [ RunTime:0.004203s ]
[2025-08-05T19:13:45+08:00][sql] SELECT * FROM `sys_schedule` [ RunTime:0.004269s ]
[2025-08-05T19:14:15+08:00][sql] SELECT * FROM `sys_schedule` [ RunTime:0.004140s ]
[2025-08-05T19:14:45+08:00][sql] SELECT * FROM `sys_schedule` [ RunTime:0.004158s ]
[2025-08-05T19:15:15+08:00][sql] SELECT * FROM `sys_schedule` [ RunTime:0.004190s ]
[2025-08-05T19:15:45+08:00][sql] SELECT * FROM `sys_schedule` [ RunTime:0.004198s ]
[2025-08-05T19:16:15+08:00][sql] SELECT * FROM `sys_schedule` [ RunTime:0.004221s ]
[2025-08-05T19:16:45+08:00][sql] SELECT * FROM `sys_schedule` [ RunTime:0.004201s ]
[2025-08-05T19:17:15+08:00][sql] SELECT * FROM `sys_schedule` [ RunTime:0.004239s ]
[2025-08-05T19:17:45+08:00][sql] SELECT * FROM `sys_schedule` [ RunTime:0.004154s ]
[2025-08-05T19:18:15+08:00][sql] SELECT * FROM `sys_schedule` [ RunTime:0.004220s ]
[2025-08-05T19:18:45+08:00][sql] SELECT * FROM `sys_schedule` [ RunTime:0.004208s ]
[2025-08-05T19:19:15+08:00][sql] SELECT * FROM `sys_schedule` [ RunTime:0.004160s ]
[2025-08-05T19:19:45+08:00][sql] SELECT * FROM `sys_schedule` [ RunTime:0.004421s ]
[2025-08-05T19:20:15+08:00][sql] SELECT * FROM `sys_schedule` [ RunTime:0.004197s ]
[2025-08-05T19:20:45+08:00][sql] SELECT * FROM `sys_schedule` [ RunTime:0.004134s ]
[2025-08-05T19:21:15+08:00][sql] SELECT * FROM `sys_schedule` [ RunTime:0.004198s ]
[2025-08-05T19:21:45+08:00][sql] SELECT * FROM `sys_schedule` [ RunTime:0.004314s ]
[2025-08-05T19:22:15+08:00][sql] SELECT * FROM `sys_schedule` [ RunTime:0.004187s ]
[2025-08-05T19:22:45+08:00][sql] SELECT * FROM `sys_schedule` [ RunTime:0.004255s ]
[2025-08-05T19:23:15+08:00][sql] SELECT * FROM `sys_schedule` [ RunTime:0.004135s ]
[2025-08-05T19:23:45+08:00][sql] SELECT * FROM `sys_schedule` [ RunTime:0.004142s ]
[2025-08-05T19:24:15+08:00][sql] SELECT * FROM `sys_schedule` [ RunTime:0.004265s ]
[2025-08-05T19:24:45+08:00][sql] SELECT * FROM `sys_schedule` [ RunTime:0.004162s ]
[2025-08-05T19:25:15+08:00][sql] SELECT * FROM `sys_schedule` [ RunTime:0.004198s ]
[2025-08-05T19:25:45+08:00][sql] SELECT * FROM `sys_schedule` [ RunTime:0.004205s ]
[2025-08-05T19:26:15+08:00][sql] SELECT * FROM `sys_schedule` [ RunTime:0.004165s ]
[2025-08-05T19:26:45+08:00][sql] SELECT * FROM `sys_schedule` [ RunTime:0.004149s ]
[2025-08-05T19:27:15+08:00][sql] SELECT * FROM `sys_schedule` [ RunTime:0.004163s ]
[2025-08-05T19:27:45+08:00][sql] SELECT * FROM `sys_schedule` [ RunTime:0.004215s ]
[2025-08-05T19:28:15+08:00][sql] SELECT * FROM `sys_schedule` [ RunTime:0.004174s ]
[2025-08-05T19:28:45+08:00][sql] SELECT * FROM `sys_schedule` [ RunTime:0.004176s ]
[2025-08-05T19:29:15+08:00][sql] SELECT * FROM `sys_schedule` [ RunTime:0.004168s ]
[2025-08-05T19:29:45+08:00][sql] SELECT * FROM `sys_schedule` [ RunTime:0.004176s ]
[2025-08-05T19:30:15+08:00][sql] SELECT * FROM `sys_schedule` [ RunTime:0.004175s ]
[2025-08-05T19:30:45+08:00][sql] SELECT * FROM `sys_schedule` [ RunTime:0.004180s ]
[2025-08-05T19:31:15+08:00][sql] SELECT * FROM `sys_schedule` [ RunTime:0.004301s ]
[2025-08-05T19:31:45+08:00][sql] SELECT * FROM `sys_schedule` [ RunTime:0.004149s ]
[2025-08-05T19:32:15+08:00][sql] SELECT * FROM `sys_schedule` [ RunTime:0.004154s ]
[2025-08-05T19:32:45+08:00][sql] SELECT * FROM `sys_schedule` [ RunTime:0.004177s ]
[2025-08-05T19:33:15+08:00][sql] SELECT * FROM `sys_schedule` [ RunTime:0.004222s ]
[2025-08-05T19:33:45+08:00][sql] SELECT * FROM `sys_schedule` [ RunTime:0.004126s ]
[2025-08-05T19:34:15+08:00][sql] SELECT * FROM `sys_schedule` [ RunTime:0.004235s ]
[2025-08-05T19:34:45+08:00][sql] SELECT * FROM `sys_schedule` [ RunTime:0.004143s ]
[2025-08-05T19:35:15+08:00][sql] SELECT * FROM `sys_schedule` [ RunTime:0.004144s ]
[2025-08-05T19:35:45+08:00][sql] SELECT * FROM `sys_schedule` [ RunTime:0.004197s ]
[2025-08-05T19:36:15+08:00][sql] SELECT * FROM `sys_schedule` [ RunTime:0.004208s ]
[2025-08-05T19:36:45+08:00][sql] SELECT * FROM `sys_schedule` [ RunTime:0.004179s ]
[2025-08-05T19:37:15+08:00][sql] SELECT * FROM `sys_schedule` [ RunTime:0.004188s ]
[2025-08-05T19:37:45+08:00][sql] SELECT * FROM `sys_schedule` [ RunTime:0.004252s ]
[2025-08-05T19:38:15+08:00][sql] SELECT * FROM `sys_schedule` [ RunTime:0.004213s ]
[2025-08-05T19:38:45+08:00][sql] SELECT * FROM `sys_schedule` [ RunTime:0.004166s ]
[2025-08-05T19:39:15+08:00][sql] SELECT * FROM `sys_schedule` [ RunTime:0.004184s ]
[2025-08-05T19:39:45+08:00][sql] SELECT * FROM `sys_schedule` [ RunTime:0.005411s ]
[2025-08-05T19:40:15+08:00][sql] SELECT * FROM `sys_schedule` [ RunTime:0.004224s ]
[2025-08-05T19:40:45+08:00][sql] SELECT * FROM `sys_schedule` [ RunTime:0.004145s ]
[2025-08-05T19:41:15+08:00][sql] SELECT * FROM `sys_schedule` [ RunTime:0.004197s ]
[2025-08-05T19:41:45+08:00][sql] SELECT * FROM `sys_schedule` [ RunTime:0.004148s ]
[2025-08-05T19:42:15+08:00][sql] SELECT * FROM `sys_schedule` [ RunTime:0.004225s ]
[2025-08-05T19:42:45+08:00][sql] SELECT * FROM `sys_schedule` [ RunTime:0.004183s ]
[2025-08-05T19:43:15+08:00][sql] SELECT * FROM `sys_schedule` [ RunTime:0.004180s ]
[2025-08-05T19:43:45+08:00][sql] SELECT * FROM `sys_schedule` [ RunTime:0.004245s ]
[2025-08-05T19:44:15+08:00][sql] SELECT * FROM `sys_schedule` [ RunTime:0.004251s ]
[2025-08-05T19:44:45+08:00][sql] SELECT * FROM `sys_schedule` [ RunTime:0.004730s ]
[2025-08-05T19:45:15+08:00][sql] SELECT * FROM `sys_schedule` [ RunTime:0.004139s ]
[2025-08-05T19:45:45+08:00][sql] SELECT * FROM `sys_schedule` [ RunTime:0.004269s ]
[2025-08-05T19:46:15+08:00][sql] SELECT * FROM `sys_schedule` [ RunTime:0.004470s ]
[2025-08-05T19:46:45+08:00][sql] SELECT * FROM `sys_schedule` [ RunTime:0.004155s ]
[2025-08-05T19:47:15+08:00][sql] SELECT * FROM `sys_schedule` [ RunTime:0.004180s ]
[2025-08-05T19:47:45+08:00][sql] SELECT * FROM `sys_schedule` [ RunTime:0.004272s ]
[2025-08-05T19:48:15+08:00][sql] SELECT * FROM `sys_schedule` [ RunTime:0.004153s ]
[2025-08-05T19:48:45+08:00][sql] SELECT * FROM `sys_schedule` [ RunTime:0.004224s ]
[2025-08-05T19:49:15+08:00][sql] SELECT * FROM `sys_schedule` [ RunTime:0.004301s ]
[2025-08-05T19:49:45+08:00][sql] SELECT * FROM `sys_schedule` [ RunTime:0.004169s ]
[2025-08-05T19:50:15+08:00][sql] SELECT * FROM `sys_schedule` [ RunTime:0.004150s ]
[2025-08-05T19:50:45+08:00][sql] SELECT * FROM `sys_schedule` [ RunTime:0.004183s ]
[2025-08-05T19:51:15+08:00][sql] SELECT * FROM `sys_schedule` [ RunTime:0.004191s ]
[2025-08-05T19:51:45+08:00][sql] SELECT * FROM `sys_schedule` [ RunTime:0.004206s ]
[2025-08-05T19:52:15+08:00][sql] SELECT * FROM `sys_schedule` [ RunTime:0.004218s ]
[2025-08-05T19:52:45+08:00][sql] SELECT * FROM `sys_schedule` [ RunTime:0.004154s ]
[2025-08-05T19:53:15+08:00][sql] SELECT * FROM `sys_schedule` [ RunTime:0.004140s ]
[2025-08-05T19:53:45+08:00][sql] SELECT * FROM `sys_schedule` [ RunTime:0.004173s ]
[2025-08-05T19:54:15+08:00][sql] SELECT * FROM `sys_schedule` [ RunTime:0.004165s ]
[2025-08-05T19:54:45+08:00][sql] SELECT * FROM `sys_schedule` [ RunTime:0.004265s ]
[2025-08-05T19:55:15+08:00][sql] SELECT * FROM `sys_schedule` [ RunTime:0.004211s ]
[2025-08-05T19:55:45+08:00][sql] SELECT * FROM `sys_schedule` [ RunTime:0.004162s ]
[2025-08-05T19:56:15+08:00][sql] SELECT * FROM `sys_schedule` [ RunTime:0.004142s ]
[2025-08-05T19:56:45+08:00][sql] SELECT * FROM `sys_schedule` [ RunTime:0.004212s ]
[2025-08-05T19:57:15+08:00][sql] SELECT * FROM `sys_schedule` [ RunTime:0.004185s ]
[2025-08-05T19:57:45+08:00][sql] SELECT * FROM `sys_schedule` [ RunTime:0.004252s ]
[2025-08-05T19:58:15+08:00][sql] SELECT * FROM `sys_schedule` [ RunTime:0.004152s ]
[2025-08-05T19:58:45+08:00][sql] SELECT * FROM `sys_schedule` [ RunTime:0.004200s ]
[2025-08-05T19:59:15+08:00][sql] SELECT * FROM `sys_schedule` [ RunTime:0.004158s ]
[2025-08-05T19:59:45+08:00][sql] SELECT * FROM `sys_schedule` [ RunTime:0.004185s ]
[2025-08-05T20:00:15+08:00][sql] SELECT * FROM `sys_schedule` [ RunTime:0.004157s ]
[2025-08-05T20:00:45+08:00][sql] SELECT * FROM `sys_schedule` [ RunTime:0.004196s ]
[2025-08-05T20:01:15+08:00][sql] SELECT * FROM `sys_schedule` [ RunTime:0.004216s ]
[2025-08-05T20:01:45+08:00][sql] SELECT * FROM `sys_schedule` [ RunTime:0.004190s ]
[2025-08-05T20:02:15+08:00][sql] SELECT * FROM `sys_schedule` [ RunTime:0.004165s ]
[2025-08-05T20:02:45+08:00][sql] SELECT * FROM `sys_schedule` [ RunTime:0.004190s ]
[2025-08-05T20:03:15+08:00][sql] SELECT * FROM `sys_schedule` [ RunTime:0.004112s ]
[2025-08-05T20:03:45+08:00][sql] SELECT * FROM `sys_schedule` [ RunTime:0.004206s ]
[2025-08-05T20:04:15+08:00][sql] SELECT * FROM `sys_schedule` [ RunTime:0.004164s ]
[2025-08-05T20:04:45+08:00][sql] SELECT * FROM `sys_schedule` [ RunTime:0.004155s ]
[2025-08-05T20:05:15+08:00][sql] SELECT * FROM `sys_schedule` [ RunTime:0.004186s ]
[2025-08-05T20:05:45+08:00][sql] SELECT * FROM `sys_schedule` [ RunTime:0.004248s ]
[2025-08-05T20:06:15+08:00][sql] SELECT * FROM `sys_schedule` [ RunTime:0.004202s ]
[2025-08-05T20:06:45+08:00][sql] SELECT * FROM `sys_schedule` [ RunTime:0.004153s ]
[2025-08-05T20:07:15+08:00][sql] SELECT * FROM `sys_schedule` [ RunTime:0.004162s ]
[2025-08-05T20:07:45+08:00][sql] SELECT * FROM `sys_schedule` [ RunTime:0.004115s ]
[2025-08-05T20:08:15+08:00][sql] SELECT * FROM `sys_schedule` [ RunTime:0.004144s ]
[2025-08-05T20:08:45+08:00][sql] SELECT * FROM `sys_schedule` [ RunTime:0.004233s ]
[2025-08-05T20:09:15+08:00][sql] SELECT * FROM `sys_schedule` [ RunTime:0.004211s ]
[2025-08-05T20:09:45+08:00][sql] SELECT * FROM `sys_schedule` [ RunTime:0.004186s ]
[2025-08-05T20:10:15+08:00][sql] SELECT * FROM `sys_schedule` [ RunTime:0.004149s ]
[2025-08-05T20:10:45+08:00][sql] SELECT * FROM `sys_schedule` [ RunTime:0.004249s ]
[2025-08-05T20:11:15+08:00][sql] SELECT * FROM `sys_schedule` [ RunTime:0.004234s ]
[2025-08-05T20:11:45+08:00][sql] SELECT * FROM `sys_schedule` [ RunTime:0.004156s ]
[2025-08-05T20:12:15+08:00][sql] SELECT * FROM `sys_schedule` [ RunTime:0.004236s ]
[2025-08-05T20:12:45+08:00][sql] SELECT * FROM `sys_schedule` [ RunTime:0.004147s ]
[2025-08-05T20:13:15+08:00][sql] SELECT * FROM `sys_schedule` [ RunTime:0.004256s ]
[2025-08-05T20:13:45+08:00][sql] SELECT * FROM `sys_schedule` [ RunTime:0.004185s ]
[2025-08-05T20:14:15+08:00][sql] SELECT * FROM `sys_schedule` [ RunTime:0.004172s ]
[2025-08-05T20:14:45+08:00][sql] SELECT * FROM `sys_schedule` [ RunTime:0.004193s ]
[2025-08-05T20:15:15+08:00][sql] SELECT * FROM `sys_schedule` [ RunTime:0.004338s ]
[2025-08-05T20:15:45+08:00][sql] SELECT * FROM `sys_schedule` [ RunTime:0.004211s ]
[2025-08-05T20:16:15+08:00][sql] SELECT * FROM `sys_schedule` [ RunTime:0.004198s ]
[2025-08-05T20:16:45+08:00][sql] SELECT * FROM `sys_schedule` [ RunTime:0.004228s ]
[2025-08-05T20:17:15+08:00][sql] SELECT * FROM `sys_schedule` [ RunTime:0.004199s ]
[2025-08-05T20:17:45+08:00][sql] SELECT * FROM `sys_schedule` [ RunTime:0.004194s ]
[2025-08-05T20:18:15+08:00][sql] SELECT * FROM `sys_schedule` [ RunTime:0.004146s ]
[2025-08-05T20:18:45+08:00][sql] SELECT * FROM `sys_schedule` [ RunTime:0.004120s ]
[2025-08-05T20:19:15+08:00][sql] SELECT * FROM `sys_schedule` [ RunTime:0.004170s ]
[2025-08-05T20:19:45+08:00][sql] SELECT * FROM `sys_schedule` [ RunTime:0.004180s ]
[2025-08-05T20:20:15+08:00][sql] SELECT * FROM `sys_schedule` [ RunTime:0.004225s ]
[2025-08-05T20:20:45+08:00][sql] SELECT * FROM `sys_schedule` [ RunTime:0.004219s ]
[2025-08-05T20:21:15+08:00][sql] SELECT * FROM `sys_schedule` [ RunTime:0.004213s ]
[2025-08-05T20:21:45+08:00][sql] SELECT * FROM `sys_schedule` [ RunTime:0.004194s ]
[2025-08-05T20:22:15+08:00][sql] SELECT * FROM `sys_schedule` [ RunTime:0.004236s ]
[2025-08-05T20:22:45+08:00][sql] SELECT * FROM `sys_schedule` [ RunTime:0.004230s ]
[2025-08-05T20:23:15+08:00][sql] SELECT * FROM `sys_schedule` [ RunTime:0.004174s ]
[2025-08-05T20:23:45+08:00][sql] SELECT * FROM `sys_schedule` [ RunTime:0.004147s ]
[2025-08-05T20:24:15+08:00][sql] SELECT * FROM `sys_schedule` [ RunTime:0.004209s ]
[2025-08-05T20:24:45+08:00][sql] SELECT * FROM `sys_schedule` [ RunTime:0.004175s ]
[2025-08-05T20:25:15+08:00][sql] SELECT * FROM `sys_schedule` [ RunTime:0.004198s ]
[2025-08-05T20:25:45+08:00][sql] SELECT * FROM `sys_schedule` [ RunTime:0.004190s ]
[2025-08-05T20:26:15+08:00][sql] SELECT * FROM `sys_schedule` [ RunTime:0.004195s ]
[2025-08-05T20:26:45+08:00][sql] SELECT * FROM `sys_schedule` [ RunTime:0.004219s ]
[2025-08-05T20:27:15+08:00][sql] SELECT * FROM `sys_schedule` [ RunTime:0.004192s ]
[2025-08-05T20:27:45+08:00][sql] SELECT * FROM `sys_schedule` [ RunTime:0.004214s ]
[2025-08-05T20:28:15+08:00][sql] SELECT * FROM `sys_schedule` [ RunTime:0.004201s ]
[2025-08-05T20:28:45+08:00][sql] SELECT * FROM `sys_schedule` [ RunTime:0.004179s ]
[2025-08-05T20:29:15+08:00][sql] SELECT * FROM `sys_schedule` [ RunTime:0.004247s ]
[2025-08-05T20:29:45+08:00][sql] SELECT * FROM `sys_schedule` [ RunTime:0.004118s ]
[2025-08-05T20:30:15+08:00][sql] SELECT * FROM `sys_schedule` [ RunTime:0.004230s ]
[2025-08-05T20:30:45+08:00][sql] SELECT * FROM `sys_schedule` [ RunTime:0.004247s ]
[2025-08-05T20:31:15+08:00][sql] SELECT * FROM `sys_schedule` [ RunTime:0.004180s ]
[2025-08-05T20:31:45+08:00][sql] SELECT * FROM `sys_schedule` [ RunTime:0.004197s ]
[2025-08-05T20:32:15+08:00][sql] SELECT * FROM `sys_schedule` [ RunTime:0.004237s ]
[2025-08-05T20:32:45+08:00][sql] SELECT * FROM `sys_schedule` [ RunTime:0.004216s ]
[2025-08-05T20:33:15+08:00][sql] SELECT * FROM `sys_schedule` [ RunTime:0.004236s ]
[2025-08-05T20:33:45+08:00][sql] SELECT * FROM `sys_schedule` [ RunTime:0.004151s ]
[2025-08-05T20:34:15+08:00][sql] SELECT * FROM `sys_schedule` [ RunTime:0.004183s ]
[2025-08-05T20:34:45+08:00][sql] SELECT * FROM `sys_schedule` [ RunTime:0.004170s ]
[2025-08-05T20:35:15+08:00][sql] SELECT * FROM `sys_schedule` [ RunTime:0.004175s ]
[2025-08-05T20:35:45+08:00][sql] SELECT * FROM `sys_schedule` [ RunTime:0.004144s ]
[2025-08-05T20:36:15+08:00][sql] SELECT * FROM `sys_schedule` [ RunTime:0.004219s ]
[2025-08-05T20:36:45+08:00][sql] SELECT * FROM `sys_schedule` [ RunTime:0.004180s ]
[2025-08-05T20:37:15+08:00][sql] SELECT * FROM `sys_schedule` [ RunTime:0.004197s ]
[2025-08-05T20:37:45+08:00][sql] SELECT * FROM `sys_schedule` [ RunTime:0.004221s ]
[2025-08-05T20:38:15+08:00][sql] SELECT * FROM `sys_schedule` [ RunTime:0.004207s ]
[2025-08-05T20:38:45+08:00][sql] SELECT * FROM `sys_schedule` [ RunTime:0.004158s ]
[2025-08-05T20:39:15+08:00][sql] SELECT * FROM `sys_schedule` [ RunTime:0.004159s ]
[2025-08-05T20:39:45+08:00][sql] SELECT * FROM `sys_schedule` [ RunTime:0.004221s ]
[2025-08-05T20:40:15+08:00][sql] SELECT * FROM `sys_schedule` [ RunTime:0.004177s ]
[2025-08-05T20:40:45+08:00][sql] SELECT * FROM `sys_schedule` [ RunTime:0.004111s ]
[2025-08-05T20:41:15+08:00][sql] SELECT * FROM `sys_schedule` [ RunTime:0.004209s ]
[2025-08-05T20:41:45+08:00][sql] SELECT * FROM `sys_schedule` [ RunTime:0.004195s ]
[2025-08-05T20:42:15+08:00][sql] SELECT * FROM `sys_schedule` [ RunTime:0.004327s ]
[2025-08-05T20:42:45+08:00][sql] SELECT * FROM `sys_schedule` [ RunTime:0.004183s ]
[2025-08-05T20:43:15+08:00][sql] SELECT * FROM `sys_schedule` [ RunTime:0.004221s ]
[2025-08-05T20:43:45+08:00][sql] SELECT * FROM `sys_schedule` [ RunTime:0.004179s ]
[2025-08-05T20:44:15+08:00][sql] SELECT * FROM `sys_schedule` [ RunTime:0.004232s ]
[2025-08-05T20:44:45+08:00][sql] SELECT * FROM `sys_schedule` [ RunTime:0.004135s ]
[2025-08-05T20:45:15+08:00][sql] SELECT * FROM `sys_schedule` [ RunTime:0.004177s ]
[2025-08-05T20:45:45+08:00][sql] SELECT * FROM `sys_schedule` [ RunTime:0.004216s ]
[2025-08-05T20:46:15+08:00][sql] SELECT * FROM `sys_schedule` [ RunTime:0.004298s ]
[2025-08-05T20:46:45+08:00][sql] SELECT * FROM `sys_schedule` [ RunTime:0.004227s ]
[2025-08-05T20:47:15+08:00][sql] SELECT * FROM `sys_schedule` [ RunTime:0.004143s ]
[2025-08-05T20:47:45+08:00][sql] SELECT * FROM `sys_schedule` [ RunTime:0.004239s ]
[2025-08-05T20:48:15+08:00][sql] SELECT * FROM `sys_schedule` [ RunTime:0.004235s ]
[2025-08-05T20:48:45+08:00][sql] SELECT * FROM `sys_schedule` [ RunTime:0.004265s ]
[2025-08-05T20:49:15+08:00][sql] SELECT * FROM `sys_schedule` [ RunTime:0.004192s ]
[2025-08-05T20:49:45+08:00][sql] SELECT * FROM `sys_schedule` [ RunTime:0.004188s ]
[2025-08-05T20:50:15+08:00][sql] SELECT * FROM `sys_schedule` [ RunTime:0.004166s ]
[2025-08-05T20:50:45+08:00][sql] SELECT * FROM `sys_schedule` [ RunTime:0.004247s ]
[2025-08-05T20:51:15+08:00][sql] SELECT * FROM `sys_schedule` [ RunTime:0.004174s ]
[2025-08-05T20:51:45+08:00][sql] SELECT * FROM `sys_schedule` [ RunTime:0.004209s ]
[2025-08-05T20:52:15+08:00][sql] SELECT * FROM `sys_schedule` [ RunTime:0.004088s ]
[2025-08-05T20:52:45+08:00][sql] SELECT * FROM `sys_schedule` [ RunTime:0.004244s ]
[2025-08-05T20:53:15+08:00][sql] SELECT * FROM `sys_schedule` [ RunTime:0.004164s ]
[2025-08-05T20:53:45+08:00][sql] SELECT * FROM `sys_schedule` [ RunTime:0.004215s ]
[2025-08-05T20:54:15+08:00][sql] SELECT * FROM `sys_schedule` [ RunTime:0.004213s ]
[2025-08-05T20:54:45+08:00][sql] SELECT * FROM `sys_schedule` [ RunTime:0.004140s ]
[2025-08-05T20:55:15+08:00][sql] SELECT * FROM `sys_schedule` [ RunTime:0.004160s ]
[2025-08-05T20:55:45+08:00][sql] SELECT * FROM `sys_schedule` [ RunTime:0.004139s ]
[2025-08-05T20:56:15+08:00][sql] SELECT * FROM `sys_schedule` [ RunTime:0.004236s ]
[2025-08-05T20:56:45+08:00][sql] SELECT * FROM `sys_schedule` [ RunTime:0.004219s ]
[2025-08-05T20:57:15+08:00][sql] SELECT * FROM `sys_schedule` [ RunTime:0.004156s ]
[2025-08-05T20:57:45+08:00][sql] SELECT * FROM `sys_schedule` [ RunTime:0.004265s ]
[2025-08-05T20:58:15+08:00][sql] SELECT * FROM `sys_schedule` [ RunTime:0.004182s ]
[2025-08-05T20:58:45+08:00][sql] SELECT * FROM `sys_schedule` [ RunTime:0.004245s ]
[2025-08-05T20:59:15+08:00][sql] SELECT * FROM `sys_schedule` [ RunTime:0.004170s ]
[2025-08-05T20:59:45+08:00][sql] SELECT * FROM `sys_schedule` [ RunTime:0.004171s ]
[2025-08-05T21:00:15+08:00][sql] SELECT * FROM `sys_schedule` [ RunTime:0.004189s ]
[2025-08-05T21:00:45+08:00][sql] SELECT * FROM `sys_schedule` [ RunTime:0.004284s ]
[2025-08-05T21:01:15+08:00][sql] SELECT * FROM `sys_schedule` [ RunTime:0.004193s ]
[2025-08-05T21:01:45+08:00][sql] SELECT * FROM `sys_schedule` [ RunTime:0.004148s ]
[2025-08-05T21:02:15+08:00][sql] SELECT * FROM `sys_schedule` [ RunTime:0.004241s ]
[2025-08-05T21:02:45+08:00][sql] SELECT * FROM `sys_schedule` [ RunTime:0.004218s ]
[2025-08-05T21:03:15+08:00][sql] SELECT * FROM `sys_schedule` [ RunTime:0.004205s ]
[2025-08-05T21:03:45+08:00][sql] SELECT * FROM `sys_schedule` [ RunTime:0.004188s ]
[2025-08-05T21:04:15+08:00][sql] SELECT * FROM `sys_schedule` [ RunTime:0.004190s ]
[2025-08-05T21:04:45+08:00][sql] SELECT * FROM `sys_schedule` [ RunTime:0.004205s ]
[2025-08-05T21:05:15+08:00][sql] SELECT * FROM `sys_schedule` [ RunTime:0.004233s ]
[2025-08-05T21:05:45+08:00][sql] SELECT * FROM `sys_schedule` [ RunTime:0.004211s ]
[2025-08-05T21:06:15+08:00][sql] SELECT * FROM `sys_schedule` [ RunTime:0.004185s ]
[2025-08-05T21:06:45+08:00][sql] SELECT * FROM `sys_schedule` [ RunTime:0.004281s ]
[2025-08-05T21:07:15+08:00][sql] SELECT * FROM `sys_schedule` [ RunTime:0.004204s ]
[2025-08-05T21:07:45+08:00][sql] SELECT * FROM `sys_schedule` [ RunTime:0.004150s ]
[2025-08-05T21:08:15+08:00][sql] SELECT * FROM `sys_schedule` [ RunTime:0.004217s ]
[2025-08-05T21:08:45+08:00][sql] SELECT * FROM `sys_schedule` [ RunTime:0.004259s ]
[2025-08-05T21:09:15+08:00][sql] SELECT * FROM `sys_schedule` [ RunTime:0.004330s ]
[2025-08-05T21:09:45+08:00][sql] SELECT * FROM `sys_schedule` [ RunTime:0.004174s ]
[2025-08-05T21:10:15+08:00][sql] SELECT * FROM `sys_schedule` [ RunTime:0.004195s ]
[2025-08-05T21:10:45+08:00][sql] SELECT * FROM `sys_schedule` [ RunTime:0.004219s ]
[2025-08-05T21:11:15+08:00][sql] SELECT * FROM `sys_schedule` [ RunTime:0.004254s ]
[2025-08-05T21:11:45+08:00][sql] SELECT * FROM `sys_schedule` [ RunTime:0.004260s ]
[2025-08-05T21:12:15+08:00][sql] SELECT * FROM `sys_schedule` [ RunTime:0.004144s ]
[2025-08-05T21:12:45+08:00][sql] SELECT * FROM `sys_schedule` [ RunTime:0.004209s ]
[2025-08-05T21:13:15+08:00][sql] SELECT * FROM `sys_schedule` [ RunTime:0.004223s ]
[2025-08-05T21:13:45+08:00][sql] SELECT * FROM `sys_schedule` [ RunTime:0.004281s ]
[2025-08-05T21:14:15+08:00][sql] SELECT * FROM `sys_schedule` [ RunTime:0.004244s ]
[2025-08-05T21:14:45+08:00][sql] SELECT * FROM `sys_schedule` [ RunTime:0.004233s ]
[2025-08-05T21:15:15+08:00][sql] SELECT * FROM `sys_schedule` [ RunTime:0.004254s ]
[2025-08-05T21:15:45+08:00][sql] SELECT * FROM `sys_schedule` [ RunTime:0.004260s ]
[2025-08-05T21:16:15+08:00][sql] SELECT * FROM `sys_schedule` [ RunTime:0.004206s ]
[2025-08-05T21:16:45+08:00][sql] SELECT * FROM `sys_schedule` [ RunTime:0.004236s ]
[2025-08-05T21:17:15+08:00][sql] SELECT * FROM `sys_schedule` [ RunTime:0.004213s ]
[2025-08-05T21:17:45+08:00][sql] SELECT * FROM `sys_schedule` [ RunTime:0.004216s ]
[2025-08-05T21:18:15+08:00][sql] SELECT * FROM `sys_schedule` [ RunTime:0.004201s ]
[2025-08-05T21:18:45+08:00][sql] SELECT * FROM `sys_schedule` [ RunTime:0.004199s ]
[2025-08-05T21:19:15+08:00][sql] SELECT * FROM `sys_schedule` [ RunTime:0.004185s ]
[2025-08-05T21:19:45+08:00][sql] SELECT * FROM `sys_schedule` [ RunTime:0.004236s ]
[2025-08-05T21:20:15+08:00][sql] SELECT * FROM `sys_schedule` [ RunTime:0.004192s ]
[2025-08-05T21:20:45+08:00][sql] SELECT * FROM `sys_schedule` [ RunTime:0.004214s ]
[2025-08-05T21:21:15+08:00][sql] SELECT * FROM `sys_schedule` [ RunTime:0.004175s ]
[2025-08-05T21:21:45+08:00][sql] SELECT * FROM `sys_schedule` [ RunTime:0.004191s ]
[2025-08-05T21:22:15+08:00][sql] SELECT * FROM `sys_schedule` [ RunTime:0.004140s ]
[2025-08-05T21:22:45+08:00][sql] SELECT * FROM `sys_schedule` [ RunTime:0.004188s ]
[2025-08-05T21:23:15+08:00][sql] SELECT * FROM `sys_schedule` [ RunTime:0.004198s ]
[2025-08-05T21:23:45+08:00][sql] SELECT * FROM `sys_schedule` [ RunTime:0.004209s ]
[2025-08-05T21:24:15+08:00][sql] SELECT * FROM `sys_schedule` [ RunTime:0.004173s ]
[2025-08-05T21:24:45+08:00][sql] SELECT * FROM `sys_schedule` [ RunTime:0.004257s ]
[2025-08-05T21:25:15+08:00][sql] SELECT * FROM `sys_schedule` [ RunTime:0.004225s ]
[2025-08-05T21:25:45+08:00][sql] SELECT * FROM `sys_schedule` [ RunTime:0.004231s ]
[2025-08-05T21:26:15+08:00][sql] SELECT * FROM `sys_schedule` [ RunTime:0.004161s ]
[2025-08-05T21:26:45+08:00][sql] SELECT * FROM `sys_schedule` [ RunTime:0.004179s ]
[2025-08-05T21:27:15+08:00][sql] SELECT * FROM `sys_schedule` [ RunTime:0.004198s ]
[2025-08-05T21:27:45+08:00][sql] SELECT * FROM `sys_schedule` [ RunTime:0.004121s ]
[2025-08-05T21:28:15+08:00][sql] SELECT * FROM `sys_schedule` [ RunTime:0.004211s ]
[2025-08-05T21:28:45+08:00][sql] SELECT * FROM `sys_schedule` [ RunTime:0.004175s ]
[2025-08-05T21:29:15+08:00][sql] SELECT * FROM `sys_schedule` [ RunTime:0.004247s ]
[2025-08-05T21:29:45+08:00][sql] SELECT * FROM `sys_schedule` [ RunTime:0.004182s ]
[2025-08-05T21:30:15+08:00][sql] SELECT * FROM `sys_schedule` [ RunTime:0.004219s ]
[2025-08-05T21:30:45+08:00][sql] SELECT * FROM `sys_schedule` [ RunTime:0.004218s ]
[2025-08-05T21:31:15+08:00][sql] SELECT * FROM `sys_schedule` [ RunTime:0.004316s ]
[2025-08-05T21:31:45+08:00][sql] SELECT * FROM `sys_schedule` [ RunTime:0.004172s ]
[2025-08-05T21:32:15+08:00][sql] SELECT * FROM `sys_schedule` [ RunTime:0.004281s ]
[2025-08-05T21:32:45+08:00][sql] SELECT * FROM `sys_schedule` [ RunTime:0.004196s ]
[2025-08-05T21:33:15+08:00][sql] SELECT * FROM `sys_schedule` [ RunTime:0.004196s ]
[2025-08-05T21:33:45+08:00][sql] SELECT * FROM `sys_schedule` [ RunTime:0.004220s ]
[2025-08-05T21:34:15+08:00][sql] SELECT * FROM `sys_schedule` [ RunTime:0.004183s ]
[2025-08-05T21:34:45+08:00][sql] SELECT * FROM `sys_schedule` [ RunTime:0.004180s ]
[2025-08-05T21:35:15+08:00][sql] SELECT * FROM `sys_schedule` [ RunTime:0.004162s ]
[2025-08-05T21:35:45+08:00][sql] SELECT * FROM `sys_schedule` [ RunTime:0.004135s ]
[2025-08-05T21:36:15+08:00][sql] SELECT * FROM `sys_schedule` [ RunTime:0.004227s ]
[2025-08-05T21:36:45+08:00][sql] SELECT * FROM `sys_schedule` [ RunTime:0.004165s ]
[2025-08-05T21:37:15+08:00][sql] SELECT * FROM `sys_schedule` [ RunTime:0.004224s ]
[2025-08-05T21:37:45+08:00][sql] SELECT * FROM `sys_schedule` [ RunTime:0.004214s ]
[2025-08-05T21:38:15+08:00][sql] SELECT * FROM `sys_schedule` [ RunTime:0.004232s ]
[2025-08-05T21:38:45+08:00][sql] SELECT * FROM `sys_schedule` [ RunTime:0.004186s ]
[2025-08-05T21:39:15+08:00][sql] SELECT * FROM `sys_schedule` [ RunTime:0.004219s ]
[2025-08-05T21:39:45+08:00][sql] SELECT * FROM `sys_schedule` [ RunTime:0.004281s ]
[2025-08-05T21:40:15+08:00][sql] SELECT * FROM `sys_schedule` [ RunTime:0.004203s ]
[2025-08-05T21:40:45+08:00][sql] SELECT * FROM `sys_schedule` [ RunTime:0.004338s ]
[2025-08-05T21:41:15+08:00][sql] SELECT * FROM `sys_schedule` [ RunTime:0.004210s ]
[2025-08-05T21:41:45+08:00][sql] SELECT * FROM `sys_schedule` [ RunTime:0.004192s ]
[2025-08-05T21:42:15+08:00][sql] SELECT * FROM `sys_schedule` [ RunTime:0.004182s ]
[2025-08-05T21:42:45+08:00][sql] SELECT * FROM `sys_schedule` [ RunTime:0.004263s ]
[2025-08-05T21:43:15+08:00][sql] SELECT * FROM `sys_schedule` [ RunTime:0.004170s ]
[2025-08-05T21:43:45+08:00][sql] SELECT * FROM `sys_schedule` [ RunTime:0.004200s ]
[2025-08-05T21:44:15+08:00][sql] SELECT * FROM `sys_schedule` [ RunTime:0.004301s ]
[2025-08-05T21:44:45+08:00][sql] SELECT * FROM `sys_schedule` [ RunTime:0.004290s ]
[2025-08-05T21:45:15+08:00][sql] SELECT * FROM `sys_schedule` [ RunTime:0.004217s ]
[2025-08-05T21:45:45+08:00][sql] SELECT * FROM `sys_schedule` [ RunTime:0.004177s ]
[2025-08-05T21:46:15+08:00][sql] SELECT * FROM `sys_schedule` [ RunTime:0.004196s ]
[2025-08-05T21:46:45+08:00][sql] SELECT * FROM `sys_schedule` [ RunTime:0.004200s ]
[2025-08-05T21:47:15+08:00][sql] SELECT * FROM `sys_schedule` [ RunTime:0.004168s ]
[2025-08-05T21:47:45+08:00][sql] SELECT * FROM `sys_schedule` [ RunTime:0.004243s ]
[2025-08-05T21:48:15+08:00][sql] SELECT * FROM `sys_schedule` [ RunTime:0.004188s ]
[2025-08-05T21:48:45+08:00][sql] SELECT * FROM `sys_schedule` [ RunTime:0.004157s ]
[2025-08-05T21:49:15+08:00][sql] SELECT * FROM `sys_schedule` [ RunTime:0.004200s ]
[2025-08-05T21:49:45+08:00][sql] SELECT * FROM `sys_schedule` [ RunTime:0.004262s ]
[2025-08-05T21:50:15+08:00][sql] SELECT * FROM `sys_schedule` [ RunTime:0.004229s ]
[2025-08-05T21:50:45+08:00][sql] SELECT * FROM `sys_schedule` [ RunTime:0.004193s ]
[2025-08-05T21:51:15+08:00][sql] SELECT * FROM `sys_schedule` [ RunTime:0.004284s ]
[2025-08-05T21:51:45+08:00][sql] SELECT * FROM `sys_schedule` [ RunTime:0.004235s ]
[2025-08-05T21:52:15+08:00][sql] SELECT * FROM `sys_schedule` [ RunTime:0.004213s ]
[2025-08-05T21:52:45+08:00][sql] SELECT * FROM `sys_schedule` [ RunTime:0.004130s ]
[2025-08-05T21:53:15+08:00][sql] SELECT * FROM `sys_schedule` [ RunTime:0.004160s ]
[2025-08-05T21:53:45+08:00][sql] SELECT * FROM `sys_schedule` [ RunTime:0.004208s ]
[2025-08-05T21:54:15+08:00][sql] SELECT * FROM `sys_schedule` [ RunTime:0.004220s ]
[2025-08-05T21:54:45+08:00][sql] SELECT * FROM `sys_schedule` [ RunTime:0.004173s ]
[2025-08-05T21:55:15+08:00][sql] SELECT * FROM `sys_schedule` [ RunTime:0.004223s ]
[2025-08-05T21:55:45+08:00][sql] SELECT * FROM `sys_schedule` [ RunTime:0.004243s ]
[2025-08-05T21:56:15+08:00][sql] SELECT * FROM `sys_schedule` [ RunTime:0.004246s ]
[2025-08-05T21:56:45+08:00][sql] SELECT * FROM `sys_schedule` [ RunTime:0.004203s ]
[2025-08-05T21:57:15+08:00][sql] SELECT * FROM `sys_schedule` [ RunTime:0.004150s ]
[2025-08-05T21:57:45+08:00][sql] SELECT * FROM `sys_schedule` [ RunTime:0.004245s ]
[2025-08-05T21:58:15+08:00][sql] SELECT * FROM `sys_schedule` [ RunTime:0.004219s ]
[2025-08-05T21:58:45+08:00][sql] SELECT * FROM `sys_schedule` [ RunTime:0.004266s ]
[2025-08-05T21:59:15+08:00][sql] SELECT * FROM `sys_schedule` [ RunTime:0.004221s ]
[2025-08-05T21:59:45+08:00][sql] SELECT * FROM `sys_schedule` [ RunTime:0.004180s ]
[2025-08-05T22:00:15+08:00][sql] SELECT * FROM `sys_schedule` [ RunTime:0.004272s ]
[2025-08-05T22:00:45+08:00][sql] SELECT * FROM `sys_schedule` [ RunTime:0.004274s ]
[2025-08-05T22:01:15+08:00][sql] SELECT * FROM `sys_schedule` [ RunTime:0.004251s ]
[2025-08-05T22:01:45+08:00][sql] SELECT * FROM `sys_schedule` [ RunTime:0.004286s ]
[2025-08-05T22:02:15+08:00][sql] SELECT * FROM `sys_schedule` [ RunTime:0.004186s ]
[2025-08-05T22:02:45+08:00][sql] SELECT * FROM `sys_schedule` [ RunTime:0.004219s ]
[2025-08-05T22:03:15+08:00][sql] SELECT * FROM `sys_schedule` [ RunTime:0.004185s ]
[2025-08-05T22:03:45+08:00][sql] SELECT * FROM `sys_schedule` [ RunTime:0.004269s ]
[2025-08-05T22:04:15+08:00][sql] SELECT * FROM `sys_schedule` [ RunTime:0.004151s ]
[2025-08-05T22:04:45+08:00][sql] SELECT * FROM `sys_schedule` [ RunTime:0.004239s ]
[2025-08-05T22:05:15+08:00][sql] SELECT * FROM `sys_schedule` [ RunTime:0.004236s ]
[2025-08-05T22:05:45+08:00][sql] SELECT * FROM `sys_schedule` [ RunTime:0.004151s ]
[2025-08-05T22:06:15+08:00][sql] SELECT * FROM `sys_schedule` [ RunTime:0.004217s ]
[2025-08-05T22:06:45+08:00][sql] SELECT * FROM `sys_schedule` [ RunTime:0.004209s ]
[2025-08-05T22:07:15+08:00][sql] SELECT * FROM `sys_schedule` [ RunTime:0.004105s ]
[2025-08-05T22:07:45+08:00][sql] SELECT * FROM `sys_schedule` [ RunTime:0.004224s ]
[2025-08-05T22:08:15+08:00][sql] SELECT * FROM `sys_schedule` [ RunTime:0.004180s ]
[2025-08-05T22:08:45+08:00][sql] SELECT * FROM `sys_schedule` [ RunTime:0.004235s ]
[2025-08-05T22:09:15+08:00][sql] SELECT * FROM `sys_schedule` [ RunTime:0.004205s ]
[2025-08-05T22:09:45+08:00][sql] SELECT * FROM `sys_schedule` [ RunTime:0.004171s ]
[2025-08-05T22:10:15+08:00][sql] SELECT * FROM `sys_schedule` [ RunTime:0.004247s ]
[2025-08-05T22:10:45+08:00][sql] SELECT * FROM `sys_schedule` [ RunTime:0.004446s ]
[2025-08-05T22:11:15+08:00][sql] SELECT * FROM `sys_schedule` [ RunTime:0.004367s ]
[2025-08-05T22:11:45+08:00][sql] SELECT * FROM `sys_schedule` [ RunTime:0.004184s ]
[2025-08-05T22:12:15+08:00][sql] SELECT * FROM `sys_schedule` [ RunTime:0.004162s ]
[2025-08-05T22:12:45+08:00][sql] SELECT * FROM `sys_schedule` [ RunTime:0.004120s ]
[2025-08-05T22:13:15+08:00][sql] SELECT * FROM `sys_schedule` [ RunTime:0.004197s ]
[2025-08-05T22:13:45+08:00][sql] SELECT * FROM `sys_schedule` [ RunTime:0.004219s ]
[2025-08-05T22:14:15+08:00][sql] SELECT * FROM `sys_schedule` [ RunTime:0.004192s ]
[2025-08-05T22:14:45+08:00][sql] SELECT * FROM `sys_schedule` [ RunTime:0.004234s ]
[2025-08-05T22:15:15+08:00][sql] SELECT * FROM `sys_schedule` [ RunTime:0.004228s ]
[2025-08-05T22:15:45+08:00][sql] SELECT * FROM `sys_schedule` [ RunTime:0.004211s ]
[2025-08-05T22:16:15+08:00][sql] SELECT * FROM `sys_schedule` [ RunTime:0.004118s ]
[2025-08-05T22:16:45+08:00][sql] SELECT * FROM `sys_schedule` [ RunTime:0.004178s ]
[2025-08-05T22:17:15+08:00][sql] SELECT * FROM `sys_schedule` [ RunTime:0.004204s ]
[2025-08-05T22:17:45+08:00][sql] SELECT * FROM `sys_schedule` [ RunTime:0.004175s ]
[2025-08-05T22:18:15+08:00][sql] SELECT * FROM `sys_schedule` [ RunTime:0.004169s ]
[2025-08-05T22:18:45+08:00][sql] SELECT * FROM `sys_schedule` [ RunTime:0.004266s ]
[2025-08-05T22:19:15+08:00][sql] SELECT * FROM `sys_schedule` [ RunTime:0.004195s ]
[2025-08-05T22:19:45+08:00][sql] SELECT * FROM `sys_schedule` [ RunTime:0.004255s ]
[2025-08-05T22:20:15+08:00][sql] SELECT * FROM `sys_schedule` [ RunTime:0.004273s ]
[2025-08-05T22:20:45+08:00][sql] SELECT * FROM `sys_schedule` [ RunTime:0.004187s ]
[2025-08-05T22:21:15+08:00][sql] SELECT * FROM `sys_schedule` [ RunTime:0.004196s ]
[2025-08-05T22:21:45+08:00][sql] SELECT * FROM `sys_schedule` [ RunTime:0.004230s ]
[2025-08-05T22:22:15+08:00][sql] SELECT * FROM `sys_schedule` [ RunTime:0.004159s ]
[2025-08-05T22:22:45+08:00][sql] SELECT * FROM `sys_schedule` [ RunTime:0.004183s ]
[2025-08-05T22:23:15+08:00][sql] SELECT * FROM `sys_schedule` [ RunTime:0.004164s ]
[2025-08-05T22:23:45+08:00][sql] SELECT * FROM `sys_schedule` [ RunTime:0.004217s ]
[2025-08-05T22:24:15+08:00][sql] SELECT * FROM `sys_schedule` [ RunTime:0.004183s ]
[2025-08-05T22:24:45+08:00][sql] SELECT * FROM `sys_schedule` [ RunTime:0.004240s ]
[2025-08-05T22:25:15+08:00][sql] SELECT * FROM `sys_schedule` [ RunTime:0.004254s ]
[2025-08-05T22:25:45+08:00][sql] SELECT * FROM `sys_schedule` [ RunTime:0.004229s ]
[2025-08-05T22:26:15+08:00][sql] SELECT * FROM `sys_schedule` [ RunTime:0.004255s ]
[2025-08-05T22:26:45+08:00][sql] SELECT * FROM `sys_schedule` [ RunTime:0.004267s ]
[2025-08-05T22:27:15+08:00][sql] SELECT * FROM `sys_schedule` [ RunTime:0.004159s ]
[2025-08-05T22:27:45+08:00][sql] SELECT * FROM `sys_schedule` [ RunTime:0.004226s ]
[2025-08-05T22:28:15+08:00][sql] SELECT * FROM `sys_schedule` [ RunTime:0.004192s ]
[2025-08-05T22:28:45+08:00][sql] SELECT * FROM `sys_schedule` [ RunTime:0.004237s ]
[2025-08-05T22:29:15+08:00][sql] SELECT * FROM `sys_schedule` [ RunTime:0.004210s ]
[2025-08-05T22:29:45+08:00][sql] SELECT * FROM `sys_schedule` [ RunTime:0.004184s ]
[2025-08-05T22:30:15+08:00][sql] SELECT * FROM `sys_schedule` [ RunTime:0.004561s ]
[2025-08-05T22:30:45+08:00][sql] SELECT * FROM `sys_schedule` [ RunTime:0.004148s ]
[2025-08-05T22:31:15+08:00][sql] SELECT * FROM `sys_schedule` [ RunTime:0.004238s ]
[2025-08-05T22:31:45+08:00][sql] SELECT * FROM `sys_schedule` [ RunTime:0.004119s ]
[2025-08-05T22:32:15+08:00][sql] SELECT * FROM `sys_schedule` [ RunTime:0.004105s ]
[2025-08-05T22:32:45+08:00][sql] SELECT * FROM `sys_schedule` [ RunTime:0.004234s ]
[2025-08-05T22:33:15+08:00][sql] SELECT * FROM `sys_schedule` [ RunTime:0.004179s ]
[2025-08-05T22:33:45+08:00][sql] SELECT * FROM `sys_schedule` [ RunTime:0.004167s ]
[2025-08-05T22:34:15+08:00][sql] SELECT * FROM `sys_schedule` [ RunTime:0.004182s ]
[2025-08-05T22:34:45+08:00][sql] SELECT * FROM `sys_schedule` [ RunTime:0.004181s ]
[2025-08-05T22:35:15+08:00][sql] SELECT * FROM `sys_schedule` [ RunTime:0.004116s ]
[2025-08-05T22:35:45+08:00][sql] SELECT * FROM `sys_schedule` [ RunTime:0.004195s ]
[2025-08-05T22:36:15+08:00][sql] SELECT * FROM `sys_schedule` [ RunTime:0.004144s ]
[2025-08-05T22:36:45+08:00][sql] SELECT * FROM `sys_schedule` [ RunTime:0.004199s ]
[2025-08-05T22:37:15+08:00][sql] SELECT * FROM `sys_schedule` [ RunTime:0.004188s ]
[2025-08-05T22:37:45+08:00][sql] SELECT * FROM `sys_schedule` [ RunTime:0.004189s ]
[2025-08-05T22:38:15+08:00][sql] SELECT * FROM `sys_schedule` [ RunTime:0.004116s ]
[2025-08-05T22:38:45+08:00][sql] SELECT * FROM `sys_schedule` [ RunTime:0.004155s ]
[2025-08-05T22:39:15+08:00][sql] SELECT * FROM `sys_schedule` [ RunTime:0.004221s ]
[2025-08-05T22:39:45+08:00][sql] SELECT * FROM `sys_schedule` [ RunTime:0.004151s ]
[2025-08-05T22:40:15+08:00][sql] SELECT * FROM `sys_schedule` [ RunTime:0.004138s ]
[2025-08-05T22:40:45+08:00][sql] SELECT * FROM `sys_schedule` [ RunTime:0.004153s ]
[2025-08-05T22:41:15+08:00][sql] SELECT * FROM `sys_schedule` [ RunTime:0.004126s ]
[2025-08-05T22:41:45+08:00][sql] SELECT * FROM `sys_schedule` [ RunTime:0.004138s ]
[2025-08-05T22:42:15+08:00][sql] SELECT * FROM `sys_schedule` [ RunTime:0.004185s ]
[2025-08-05T22:42:45+08:00][sql] SELECT * FROM `sys_schedule` [ RunTime:0.004147s ]
[2025-08-05T22:43:15+08:00][sql] SELECT * FROM `sys_schedule` [ RunTime:0.004189s ]
[2025-08-05T22:43:45+08:00][sql] SELECT * FROM `sys_schedule` [ RunTime:0.004207s ]
[2025-08-05T22:44:15+08:00][sql] SELECT * FROM `sys_schedule` [ RunTime:0.004227s ]
[2025-08-05T22:44:45+08:00][sql] SELECT * FROM `sys_schedule` [ RunTime:0.004204s ]
[2025-08-05T22:45:15+08:00][sql] SELECT * FROM `sys_schedule` [ RunTime:0.004236s ]
[2025-08-05T22:45:45+08:00][sql] SELECT * FROM `sys_schedule` [ RunTime:0.004194s ]
[2025-08-05T22:46:15+08:00][sql] SELECT * FROM `sys_schedule` [ RunTime:0.004411s ]
[2025-08-05T22:46:45+08:00][sql] SELECT * FROM `sys_schedule` [ RunTime:0.004207s ]
[2025-08-05T22:47:15+08:00][sql] SELECT * FROM `sys_schedule` [ RunTime:0.004195s ]
[2025-08-05T22:47:45+08:00][sql] SELECT * FROM `sys_schedule` [ RunTime:0.004247s ]
[2025-08-05T22:48:15+08:00][sql] SELECT * FROM `sys_schedule` [ RunTime:0.004206s ]
[2025-08-05T22:48:45+08:00][sql] SELECT * FROM `sys_schedule` [ RunTime:0.004189s ]
[2025-08-05T22:49:15+08:00][sql] SELECT * FROM `sys_schedule` [ RunTime:0.004247s ]
[2025-08-05T22:49:45+08:00][sql] SELECT * FROM `sys_schedule` [ RunTime:0.004182s ]
[2025-08-05T22:50:15+08:00][sql] SELECT * FROM `sys_schedule` [ RunTime:0.004266s ]
[2025-08-05T22:50:45+08:00][sql] SELECT * FROM `sys_schedule` [ RunTime:0.004234s ]
[2025-08-05T22:51:15+08:00][sql] SELECT * FROM `sys_schedule` [ RunTime:0.004225s ]
[2025-08-05T22:51:45+08:00][sql] SELECT * FROM `sys_schedule` [ RunTime:0.004227s ]
[2025-08-05T22:52:15+08:00][sql] SELECT * FROM `sys_schedule` [ RunTime:0.004237s ]
[2025-08-05T22:52:45+08:00][sql] SELECT * FROM `sys_schedule` [ RunTime:0.004327s ]
[2025-08-05T22:53:15+08:00][sql] SELECT * FROM `sys_schedule` [ RunTime:0.004200s ]
[2025-08-05T22:53:45+08:00][sql] SELECT * FROM `sys_schedule` [ RunTime:0.004213s ]
[2025-08-05T22:54:15+08:00][sql] SELECT * FROM `sys_schedule` [ RunTime:0.004211s ]
[2025-08-05T22:54:45+08:00][sql] SELECT * FROM `sys_schedule` [ RunTime:0.004187s ]
[2025-08-05T22:55:15+08:00][sql] SELECT * FROM `sys_schedule` [ RunTime:0.004223s ]
[2025-08-05T22:55:45+08:00][sql] SELECT * FROM `sys_schedule` [ RunTime:0.004169s ]
[2025-08-05T22:56:15+08:00][sql] SELECT * FROM `sys_schedule` [ RunTime:0.004120s ]
[2025-08-05T22:56:45+08:00][sql] SELECT * FROM `sys_schedule` [ RunTime:0.004184s ]
[2025-08-05T22:57:15+08:00][sql] SELECT * FROM `sys_schedule` [ RunTime:0.004214s ]
[2025-08-05T22:57:45+08:00][sql] SELECT * FROM `sys_schedule` [ RunTime:0.004245s ]
[2025-08-05T22:58:15+08:00][sql] SELECT * FROM `sys_schedule` [ RunTime:0.004216s ]
[2025-08-05T22:58:45+08:00][sql] SELECT * FROM `sys_schedule` [ RunTime:0.004173s ]
[2025-08-05T22:59:15+08:00][sql] SELECT * FROM `sys_schedule` [ RunTime:0.004188s ]
[2025-08-05T22:59:45+08:00][sql] SELECT * FROM `sys_schedule` [ RunTime:0.004163s ]
[2025-08-05T23:00:15+08:00][sql] SELECT * FROM `sys_schedule` [ RunTime:0.004167s ]
[2025-08-05T23:00:45+08:00][sql] SELECT * FROM `sys_schedule` [ RunTime:0.004187s ]
[2025-08-05T23:01:15+08:00][sql] SELECT * FROM `sys_schedule` [ RunTime:0.004190s ]
[2025-08-05T23:01:45+08:00][sql] SELECT * FROM `sys_schedule` [ RunTime:0.004221s ]
[2025-08-05T23:02:15+08:00][sql] SELECT * FROM `sys_schedule` [ RunTime:0.004155s ]
[2025-08-05T23:02:45+08:00][sql] SELECT * FROM `sys_schedule` [ RunTime:0.004212s ]
[2025-08-05T23:03:15+08:00][sql] SELECT * FROM `sys_schedule` [ RunTime:0.004201s ]
[2025-08-05T23:03:45+08:00][sql] SELECT * FROM `sys_schedule` [ RunTime:0.004198s ]
[2025-08-05T23:04:15+08:00][sql] SELECT * FROM `sys_schedule` [ RunTime:0.004141s ]
[2025-08-05T23:04:45+08:00][sql] SELECT * FROM `sys_schedule` [ RunTime:0.004165s ]
[2025-08-05T23:05:15+08:00][sql] SELECT * FROM `sys_schedule` [ RunTime:0.004200s ]
[2025-08-05T23:05:45+08:00][sql] SELECT * FROM `sys_schedule` [ RunTime:0.004148s ]
[2025-08-05T23:06:15+08:00][sql] SELECT * FROM `sys_schedule` [ RunTime:0.004199s ]
[2025-08-05T23:06:45+08:00][sql] SELECT * FROM `sys_schedule` [ RunTime:0.004166s ]
[2025-08-05T23:07:15+08:00][sql] SELECT * FROM `sys_schedule` [ RunTime:0.004207s ]
[2025-08-05T23:07:46+08:00][sql] SELECT * FROM `sys_schedule` [ RunTime:0.231766s ]
[2025-08-05T23:08:15+08:00][sql] SELECT * FROM `sys_schedule` [ RunTime:0.004175s ]
[2025-08-05T23:08:45+08:00][sql] SELECT * FROM `sys_schedule` [ RunTime:0.004284s ]
[2025-08-05T23:09:15+08:00][sql] SELECT * FROM `sys_schedule` [ RunTime:0.004134s ]
[2025-08-05T23:09:45+08:00][sql] SELECT * FROM `sys_schedule` [ RunTime:0.004204s ]
[2025-08-05T23:10:15+08:00][sql] SELECT * FROM `sys_schedule` [ RunTime:0.004220s ]
[2025-08-05T23:10:45+08:00][sql] SELECT * FROM `sys_schedule` [ RunTime:0.004290s ]
[2025-08-05T23:11:15+08:00][sql] SELECT * FROM `sys_schedule` [ RunTime:0.004157s ]
[2025-08-05T23:11:45+08:00][sql] SELECT * FROM `sys_schedule` [ RunTime:0.004154s ]
[2025-08-05T23:12:15+08:00][sql] SELECT * FROM `sys_schedule` [ RunTime:0.004121s ]
[2025-08-05T23:12:45+08:00][sql] SELECT * FROM `sys_schedule` [ RunTime:0.004206s ]
[2025-08-05T23:13:15+08:00][sql] SELECT * FROM `sys_schedule` [ RunTime:0.004238s ]
[2025-08-05T23:13:45+08:00][sql] SELECT * FROM `sys_schedule` [ RunTime:0.004225s ]
[2025-08-05T23:14:15+08:00][sql] SELECT * FROM `sys_schedule` [ RunTime:0.004168s ]
[2025-08-05T23:14:45+08:00][sql] SELECT * FROM `sys_schedule` [ RunTime:0.004157s ]
[2025-08-05T23:15:15+08:00][sql] SELECT * FROM `sys_schedule` [ RunTime:0.004225s ]
[2025-08-05T23:15:45+08:00][sql] SELECT * FROM `sys_schedule` [ RunTime:0.004223s ]
[2025-08-05T23:16:15+08:00][sql] SELECT * FROM `sys_schedule` [ RunTime:0.004322s ]
[2025-08-05T23:16:45+08:00][sql] SELECT * FROM `sys_schedule` [ RunTime:0.004230s ]
[2025-08-05T23:17:15+08:00][sql] SELECT * FROM `sys_schedule` [ RunTime:0.004241s ]
[2025-08-05T23:17:45+08:00][sql] SELECT * FROM `sys_schedule` [ RunTime:0.004110s ]
[2025-08-05T23:18:15+08:00][sql] SELECT * FROM `sys_schedule` [ RunTime:0.004164s ]
[2025-08-05T23:18:45+08:00][sql] SELECT * FROM `sys_schedule` [ RunTime:0.004178s ]
[2025-08-05T23:19:15+08:00][sql] SELECT * FROM `sys_schedule` [ RunTime:0.004204s ]
[2025-08-05T23:19:45+08:00][sql] SELECT * FROM `sys_schedule` [ RunTime:0.004190s ]
[2025-08-05T23:20:15+08:00][sql] SELECT * FROM `sys_schedule` [ RunTime:0.004160s ]
[2025-08-05T23:20:45+08:00][sql] SELECT * FROM `sys_schedule` [ RunTime:0.004144s ]
[2025-08-05T23:21:15+08:00][sql] SELECT * FROM `sys_schedule` [ RunTime:0.004303s ]
[2025-08-05T23:21:45+08:00][sql] SELECT * FROM `sys_schedule` [ RunTime:0.004255s ]
[2025-08-05T23:22:15+08:00][sql] SELECT * FROM `sys_schedule` [ RunTime:0.004071s ]
[2025-08-05T23:22:45+08:00][sql] SELECT * FROM `sys_schedule` [ RunTime:0.004237s ]
[2025-08-05T23:23:15+08:00][sql] SELECT * FROM `sys_schedule` [ RunTime:0.004186s ]
[2025-08-05T23:23:45+08:00][sql] SELECT * FROM `sys_schedule` [ RunTime:0.004236s ]
[2025-08-05T23:24:15+08:00][sql] SELECT * FROM `sys_schedule` [ RunTime:0.004174s ]
[2025-08-05T23:24:45+08:00][sql] SELECT * FROM `sys_schedule` [ RunTime:0.004224s ]
[2025-08-05T23:25:15+08:00][sql] SELECT * FROM `sys_schedule` [ RunTime:0.004202s ]
[2025-08-05T23:25:45+08:00][sql] SELECT * FROM `sys_schedule` [ RunTime:0.004273s ]
[2025-08-05T23:26:15+08:00][sql] SELECT * FROM `sys_schedule` [ RunTime:0.004252s ]
[2025-08-05T23:26:45+08:00][sql] SELECT * FROM `sys_schedule` [ RunTime:0.004181s ]
[2025-08-05T23:27:15+08:00][sql] SELECT * FROM `sys_schedule` [ RunTime:0.004122s ]
[2025-08-05T23:27:45+08:00][sql] SELECT * FROM `sys_schedule` [ RunTime:0.004221s ]
[2025-08-05T23:28:15+08:00][sql] SELECT * FROM `sys_schedule` [ RunTime:0.004249s ]
[2025-08-05T23:28:45+08:00][sql] SELECT * FROM `sys_schedule` [ RunTime:0.004254s ]
[2025-08-05T23:29:15+08:00][sql] SELECT * FROM `sys_schedule` [ RunTime:0.004233s ]
[2025-08-05T23:29:45+08:00][sql] SELECT * FROM `sys_schedule` [ RunTime:0.004191s ]
[2025-08-05T23:30:15+08:00][sql] SELECT * FROM `sys_schedule` [ RunTime:0.004261s ]
[2025-08-05T23:30:45+08:00][sql] SELECT * FROM `sys_schedule` [ RunTime:0.004233s ]
[2025-08-05T23:31:15+08:00][sql] SELECT * FROM `sys_schedule` [ RunTime:0.004210s ]
[2025-08-05T23:31:45+08:00][sql] SELECT * FROM `sys_schedule` [ RunTime:0.004233s ]
[2025-08-05T23:32:15+08:00][sql] SELECT * FROM `sys_schedule` [ RunTime:0.004346s ]
[2025-08-05T23:32:45+08:00][sql] SELECT * FROM `sys_schedule` [ RunTime:0.004256s ]
[2025-08-05T23:33:15+08:00][sql] SELECT * FROM `sys_schedule` [ RunTime:0.004218s ]
[2025-08-05T23:33:45+08:00][sql] SELECT * FROM `sys_schedule` [ RunTime:0.004194s ]
[2025-08-05T23:34:15+08:00][sql] SELECT * FROM `sys_schedule` [ RunTime:0.004193s ]
[2025-08-05T23:34:45+08:00][sql] SELECT * FROM `sys_schedule` [ RunTime:0.004234s ]
[2025-08-05T23:35:15+08:00][sql] SELECT * FROM `sys_schedule` [ RunTime:0.004225s ]
[2025-08-05T23:35:45+08:00][sql] SELECT * FROM `sys_schedule` [ RunTime:0.004235s ]
[2025-08-05T23:36:15+08:00][sql] SELECT * FROM `sys_schedule` [ RunTime:0.004262s ]
[2025-08-05T23:36:45+08:00][sql] SELECT * FROM `sys_schedule` [ RunTime:0.004263s ]
[2025-08-05T23:37:15+08:00][sql] SELECT * FROM `sys_schedule` [ RunTime:0.004263s ]
[2025-08-05T23:37:45+08:00][sql] SELECT * FROM `sys_schedule` [ RunTime:0.004224s ]
[2025-08-05T23:38:15+08:00][sql] SELECT * FROM `sys_schedule` [ RunTime:0.004209s ]
[2025-08-05T23:38:45+08:00][sql] SELECT * FROM `sys_schedule` [ RunTime:0.004225s ]
[2025-08-05T23:39:15+08:00][sql] SELECT * FROM `sys_schedule` [ RunTime:0.004173s ]
[2025-08-05T23:39:45+08:00][sql] SELECT * FROM `sys_schedule` [ RunTime:0.004225s ]
[2025-08-05T23:40:15+08:00][sql] SELECT * FROM `sys_schedule` [ RunTime:0.004179s ]
[2025-08-05T23:40:45+08:00][sql] SELECT * FROM `sys_schedule` [ RunTime:0.004207s ]
[2025-08-05T23:41:15+08:00][sql] SELECT * FROM `sys_schedule` [ RunTime:0.004206s ]
[2025-08-05T23:41:45+08:00][sql] SELECT * FROM `sys_schedule` [ RunTime:0.004193s ]
[2025-08-05T23:42:15+08:00][sql] SELECT * FROM `sys_schedule` [ RunTime:0.004133s ]
[2025-08-05T23:42:45+08:00][sql] SELECT * FROM `sys_schedule` [ RunTime:0.004202s ]
[2025-08-05T23:43:15+08:00][sql] SELECT * FROM `sys_schedule` [ RunTime:0.004179s ]
[2025-08-05T23:43:45+08:00][sql] SELECT * FROM `sys_schedule` [ RunTime:0.004187s ]
[2025-08-05T23:44:15+08:00][sql] SELECT * FROM `sys_schedule` [ RunTime:0.004333s ]
[2025-08-05T23:44:45+08:00][sql] SELECT * FROM `sys_schedule` [ RunTime:0.004164s ]
[2025-08-05T23:45:15+08:00][sql] SELECT * FROM `sys_schedule` [ RunTime:0.004333s ]
[2025-08-05T23:45:45+08:00][sql] SELECT * FROM `sys_schedule` [ RunTime:0.004222s ]
[2025-08-05T23:46:15+08:00][sql] SELECT * FROM `sys_schedule` [ RunTime:0.004206s ]
[2025-08-05T23:46:45+08:00][sql] SELECT * FROM `sys_schedule` [ RunTime:0.004185s ]
[2025-08-05T23:47:15+08:00][sql] SELECT * FROM `sys_schedule` [ RunTime:0.004111s ]
[2025-08-05T23:47:45+08:00][sql] SELECT * FROM `sys_schedule` [ RunTime:0.004188s ]
[2025-08-05T23:48:15+08:00][sql] SELECT * FROM `sys_schedule` [ RunTime:0.004170s ]
[2025-08-05T23:48:45+08:00][sql] SELECT * FROM `sys_schedule` [ RunTime:0.004537s ]
[2025-08-05T23:49:15+08:00][sql] SELECT * FROM `sys_schedule` [ RunTime:0.004218s ]
[2025-08-05T23:49:45+08:00][sql] SELECT * FROM `sys_schedule` [ RunTime:0.004150s ]
[2025-08-05T23:50:15+08:00][sql] SELECT * FROM `sys_schedule` [ RunTime:0.004185s ]
[2025-08-05T23:50:45+08:00][sql] SELECT * FROM `sys_schedule` [ RunTime:0.004235s ]
[2025-08-05T23:51:15+08:00][sql] SELECT * FROM `sys_schedule` [ RunTime:0.004195s ]
[2025-08-05T23:51:45+08:00][sql] SELECT * FROM `sys_schedule` [ RunTime:0.004150s ]
[2025-08-05T23:52:15+08:00][sql] SELECT * FROM `sys_schedule` [ RunTime:0.004199s ]
[2025-08-05T23:52:45+08:00][sql] SELECT * FROM `sys_schedule` [ RunTime:0.004140s ]
[2025-08-05T23:53:15+08:00][sql] SELECT * FROM `sys_schedule` [ RunTime:0.004201s ]
[2025-08-05T23:53:45+08:00][sql] SELECT * FROM `sys_schedule` [ RunTime:0.004221s ]
[2025-08-05T23:54:15+08:00][sql] SELECT * FROM `sys_schedule` [ RunTime:0.004211s ]
[2025-08-05T23:54:45+08:00][sql] SELECT * FROM `sys_schedule` [ RunTime:0.004165s ]
[2025-08-05T23:55:15+08:00][sql] SELECT * FROM `sys_schedule` [ RunTime:0.004197s ]
[2025-08-05T23:55:45+08:00][sql] SELECT * FROM `sys_schedule` [ RunTime:0.004417s ]
[2025-08-05T23:56:15+08:00][sql] SELECT * FROM `sys_schedule` [ RunTime:0.004181s ]
[2025-08-05T23:56:45+08:00][sql] SELECT * FROM `sys_schedule` [ RunTime:0.004157s ]
[2025-08-05T23:57:15+08:00][sql] SELECT * FROM `sys_schedule` [ RunTime:0.004196s ]
[2025-08-05T23:57:45+08:00][sql] SELECT * FROM `sys_schedule` [ RunTime:0.004166s ]
[2025-08-05T23:58:15+08:00][sql] SELECT * FROM `sys_schedule` [ RunTime:0.004163s ]
[2025-08-05T23:58:45+08:00][sql] SELECT * FROM `sys_schedule` [ RunTime:0.004192s ]
[2025-08-05T23:59:15+08:00][sql] SELECT * FROM `sys_schedule` [ RunTime:0.004149s ]
[2025-08-05T23:59:45+08:00][sql] SELECT * FROM `sys_schedule` [ RunTime:0.004204s ]
