[2025-08-16T20:12:23+08:00][error] DEBUG：>>>>>>>>>
服务主体：0
IP：43.175.184.132
耗时（毫秒）：5
请求类型：GET
应用：
路由：/%c0/
请求参数：[]
错误信息：{"file":"\/www\/wwwroot\/app.84000lookingfor.com\/niucloud\/vendor\/topthink\/framework\/src\/think\/response\/Json.php","line":50,"message":"Malformed UTF-8 characters, possibly incorrectly encoded","trace":[{"file":"\/www\/wwwroot\/app.84000lookingfor.com\/niucloud\/vendor\/topthink\/framework\/src\/think\/Response.php","line":389,"function":"output","class":"think\\response\\Json","type":"->"},{"file":"\/www\/wwwroot\/app.84000lookingfor.com\/niucloud\/vendor\/topthink\/framework\/src\/think\/Response.php","line":131,"function":"getContent","class":"think\\Response","type":"->"},{"file":"\/www\/wwwroot\/app.84000lookingfor.com\/niucloud\/public\/index.php","line":26,"function":"send","class":"think\\Response","type":"->"}],"previous":null}
---------
[2025-08-16T20:13:07+08:00][error] DEBUG：>>>>>>>>>
服务主体：0
IP：43.175.184.132
耗时（毫秒）：6
请求类型：GET
应用：
路由：/%c0
请求参数：[]
错误信息：{"file":"\/www\/wwwroot\/app.84000lookingfor.com\/niucloud\/vendor\/topthink\/framework\/src\/think\/response\/Json.php","line":50,"message":"Malformed UTF-8 characters, possibly incorrectly encoded","trace":[{"file":"\/www\/wwwroot\/app.84000lookingfor.com\/niucloud\/vendor\/topthink\/framework\/src\/think\/Response.php","line":389,"function":"output","class":"think\\response\\Json","type":"->"},{"file":"\/www\/wwwroot\/app.84000lookingfor.com\/niucloud\/vendor\/topthink\/framework\/src\/think\/Response.php","line":131,"function":"getContent","class":"think\\Response","type":"->"},{"file":"\/www\/wwwroot\/app.84000lookingfor.com\/niucloud\/public\/index.php","line":26,"function":"send","class":"think\\Response","type":"->"}],"previous":null}
---------
[2025-08-16T20:15:45+08:00][error] DEBUG：>>>>>>>>>
服务主体：0
IP：59.83.208.106
耗时（毫秒）：5
请求类型：GET
应用：
路由：/%c0
请求参数：[]
错误信息：{"file":"\/www\/wwwroot\/app.84000lookingfor.com\/niucloud\/vendor\/topthink\/framework\/src\/think\/response\/Json.php","line":50,"message":"Malformed UTF-8 characters, possibly incorrectly encoded","trace":[{"file":"\/www\/wwwroot\/app.84000lookingfor.com\/niucloud\/vendor\/topthink\/framework\/src\/think\/Response.php","line":389,"function":"output","class":"think\\response\\Json","type":"->"},{"file":"\/www\/wwwroot\/app.84000lookingfor.com\/niucloud\/vendor\/topthink\/framework\/src\/think\/Response.php","line":131,"function":"getContent","class":"think\\Response","type":"->"},{"file":"\/www\/wwwroot\/app.84000lookingfor.com\/niucloud\/public\/index.php","line":26,"function":"send","class":"think\\Response","type":"->"}],"previous":null}
---------
[2025-08-16T20:16:07+08:00][error] DEBUG：>>>>>>>>>
服务主体：0
IP：43.175.184.195
耗时（毫秒）：8
请求类型：GET
应用：
路由：/%c0/
请求参数：[]
错误信息：{"file":"\/www\/wwwroot\/app.84000lookingfor.com\/niucloud\/vendor\/topthink\/framework\/src\/think\/response\/Json.php","line":50,"message":"Malformed UTF-8 characters, possibly incorrectly encoded","trace":[{"file":"\/www\/wwwroot\/app.84000lookingfor.com\/niucloud\/vendor\/topthink\/framework\/src\/think\/Response.php","line":389,"function":"output","class":"think\\response\\Json","type":"->"},{"file":"\/www\/wwwroot\/app.84000lookingfor.com\/niucloud\/vendor\/topthink\/framework\/src\/think\/Response.php","line":131,"function":"getContent","class":"think\\Response","type":"->"},{"file":"\/www\/wwwroot\/app.84000lookingfor.com\/niucloud\/public\/index.php","line":26,"function":"send","class":"think\\Response","type":"->"}],"previous":null}
---------
[2025-08-16T20:16:49+08:00][error] DEBUG：>>>>>>>>>
服务主体：0
IP：43.175.184.195
耗时（毫秒）：5
请求类型：GET
应用：
路由：/%c0
请求参数：[]
错误信息：{"file":"\/www\/wwwroot\/app.84000lookingfor.com\/niucloud\/vendor\/topthink\/framework\/src\/think\/response\/Json.php","line":50,"message":"Malformed UTF-8 characters, possibly incorrectly encoded","trace":[{"file":"\/www\/wwwroot\/app.84000lookingfor.com\/niucloud\/vendor\/topthink\/framework\/src\/think\/Response.php","line":389,"function":"output","class":"think\\response\\Json","type":"->"},{"file":"\/www\/wwwroot\/app.84000lookingfor.com\/niucloud\/vendor\/topthink\/framework\/src\/think\/Response.php","line":131,"function":"getContent","class":"think\\Response","type":"->"},{"file":"\/www\/wwwroot\/app.84000lookingfor.com\/niucloud\/public\/index.php","line":26,"function":"send","class":"think\\Response","type":"->"}],"previous":null}
---------
