2025-08-06 00:00:00 pid:2860009 think\db\exception\PDOException: SQLSTATE[HY000]: General error: 2006 MySQL server has gone away in /www/wwwroot/app.84000lookingfor.com/niucloud/vendor/topthink/think-orm/src/db/PDOConnection.php:836
Stack trace:
#0 /www/wwwroot/app.84000lookingfor.com/niucloud/vendor/topthink/think-orm/src/db/PDOConnection.php(745): think\db\PDOConnection->getPDOStatement()
#1 /www/wwwroot/app.84000lookingfor.com/niucloud/vendor/topthink/think-orm/src/db/PDOConnection.php(923): think\db\PDOConnection->pdoQuery()
#2 /www/wwwroot/app.84000lookingfor.com/niucloud/vendor/topthink/think-orm/src/db/BaseQuery.php(1361): think\db\PDOConnection->find()
#3 [internal function]: think\db\BaseQuery->find()
#4 /www/wwwroot/app.84000lookingfor.com/niucloud/vendor/topthink/think-orm/src/Model.php(1091): call_user_func_array()
#5 /www/wwwroot/app.84000lookingfor.com/niucloud/app/service/core/schedule/CoreScheduleService.php(243): think\Model->__call()
#6 /www/wwwroot/app.84000lookingfor.com/niucloud/app/command/workerman/Workerman.php(64): app\service\core\schedule\CoreScheduleService->execute()
#7 /www/wwwroot/app.84000lookingfor.com/niucloud/vendor/workerman/workerman/Events/Select.php(238): app\command\workerman\Workerman->app\command\workerman\{closure}()
#8 /www/wwwroot/app.84000lookingfor.com/niucloud/vendor/workerman/workerman/Events/Select.php(299): Workerman\Events\Select->tick()
#9 /www/wwwroot/app.84000lookingfor.com/niucloud/vendor/workerman/workerman/Worker.php(1638): Workerman\Events\Select->loop()
#10 /www/wwwroot/app.84000lookingfor.com/niucloud/vendor/workerman/workerman/Worker.php(1429): Workerman\Worker::forkOneWorkerForLinux()
#11 /www/wwwroot/app.84000lookingfor.com/niucloud/vendor/workerman/workerman/Worker.php(1403): Workerman\Worker::forkWorkersForLinux()
#12 /www/wwwroot/app.84000lookingfor.com/niucloud/vendor/workerman/workerman/Worker.php(1788): Workerman\Worker::forkWorkers()
#13 /www/wwwroot/app.84000lookingfor.com/niucloud/vendor/workerman/workerman/Worker.php(1724): Workerman\Worker::monitorWorkersForLinux()
#14 /www/wwwroot/app.84000lookingfor.com/niucloud/vendor/workerman/workerman/Worker.php(562): Workerman\Worker::monitorWorkers()
#15 /www/wwwroot/app.84000lookingfor.com/niucloud/app/command/workerman/Workerman.php(118): Workerman\Worker::runAll()
#16 /www/wwwroot/app.84000lookingfor.com/niucloud/vendor/topthink/framework/src/think/console/Command.php(210): app\command\workerman\Workerman->execute()
#17 /www/wwwroot/app.84000lookingfor.com/niucloud/vendor/topthink/framework/src/think/Console.php(649): think\console\Command->run()
#18 /www/wwwroot/app.84000lookingfor.com/niucloud/vendor/topthink/framework/src/think/Console.php(308): think\Console->doRunCommand()
#19 /www/wwwroot/app.84000lookingfor.com/niucloud/vendor/topthink/framework/src/think/Console.php(245): think\Console->doRun()
#20 /www/wwwroot/app.84000lookingfor.com/niucloud/think(10): think\Console->run()
#21 {main}
2025-08-06 00:00:00 pid:289498 worker[schedule_work:2860009] exit with status 64000
2025-08-07 00:00:00 pid:2967641 think\db\exception\PDOException: SQLSTATE[HY000]: General error: 2006 MySQL server has gone away in /www/wwwroot/app.84000lookingfor.com/niucloud/vendor/topthink/think-orm/src/db/PDOConnection.php:836
Stack trace:
#0 /www/wwwroot/app.84000lookingfor.com/niucloud/vendor/topthink/think-orm/src/db/PDOConnection.php(745): think\db\PDOConnection->getPDOStatement()
#1 /www/wwwroot/app.84000lookingfor.com/niucloud/vendor/topthink/think-orm/src/db/PDOConnection.php(923): think\db\PDOConnection->pdoQuery()
#2 /www/wwwroot/app.84000lookingfor.com/niucloud/vendor/topthink/think-orm/src/db/BaseQuery.php(1361): think\db\PDOConnection->find()
#3 [internal function]: think\db\BaseQuery->find()
#4 /www/wwwroot/app.84000lookingfor.com/niucloud/vendor/topthink/think-orm/src/Model.php(1091): call_user_func_array()
#5 /www/wwwroot/app.84000lookingfor.com/niucloud/app/service/core/schedule/CoreScheduleService.php(243): think\Model->__call()
#6 /www/wwwroot/app.84000lookingfor.com/niucloud/app/command/workerman/Workerman.php(64): app\service\core\schedule\CoreScheduleService->execute()
#7 /www/wwwroot/app.84000lookingfor.com/niucloud/vendor/workerman/workerman/Events/Select.php(238): app\command\workerman\Workerman->app\command\workerman\{closure}()
#8 /www/wwwroot/app.84000lookingfor.com/niucloud/vendor/workerman/workerman/Events/Select.php(299): Workerman\Events\Select->tick()
#9 /www/wwwroot/app.84000lookingfor.com/niucloud/vendor/workerman/workerman/Worker.php(1638): Workerman\Events\Select->loop()
#10 /www/wwwroot/app.84000lookingfor.com/niucloud/vendor/workerman/workerman/Worker.php(1429): Workerman\Worker::forkOneWorkerForLinux()
#11 /www/wwwroot/app.84000lookingfor.com/niucloud/vendor/workerman/workerman/Worker.php(1403): Workerman\Worker::forkWorkersForLinux()
#12 /www/wwwroot/app.84000lookingfor.com/niucloud/vendor/workerman/workerman/Worker.php(1788): Workerman\Worker::forkWorkers()
#13 /www/wwwroot/app.84000lookingfor.com/niucloud/vendor/workerman/workerman/Worker.php(1724): Workerman\Worker::monitorWorkersForLinux()
#14 /www/wwwroot/app.84000lookingfor.com/niucloud/vendor/workerman/workerman/Worker.php(562): Workerman\Worker::monitorWorkers()
#15 /www/wwwroot/app.84000lookingfor.com/niucloud/app/command/workerman/Workerman.php(118): Workerman\Worker::runAll()
#16 /www/wwwroot/app.84000lookingfor.com/niucloud/vendor/topthink/framework/src/think/console/Command.php(210): app\command\workerman\Workerman->execute()
#17 /www/wwwroot/app.84000lookingfor.com/niucloud/vendor/topthink/framework/src/think/Console.php(649): think\console\Command->run()
#18 /www/wwwroot/app.84000lookingfor.com/niucloud/vendor/topthink/framework/src/think/Console.php(308): think\Console->doRunCommand()
#19 /www/wwwroot/app.84000lookingfor.com/niucloud/vendor/topthink/framework/src/think/Console.php(245): think\Console->doRun()
#20 /www/wwwroot/app.84000lookingfor.com/niucloud/think(10): think\Console->run()
#21 {main}
2025-08-07 00:00:00 pid:289498 worker[schedule_work:2967641] exit with status 64000
2025-08-08 00:00:00 pid:3262494 think\db\exception\PDOException: SQLSTATE[HY000]: General error: 2006 MySQL server has gone away in /www/wwwroot/app.84000lookingfor.com/niucloud/vendor/topthink/think-orm/src/db/PDOConnection.php:836
Stack trace:
#0 /www/wwwroot/app.84000lookingfor.com/niucloud/vendor/topthink/think-orm/src/db/PDOConnection.php(745): think\db\PDOConnection->getPDOStatement()
#1 /www/wwwroot/app.84000lookingfor.com/niucloud/vendor/topthink/think-orm/src/db/PDOConnection.php(923): think\db\PDOConnection->pdoQuery()
#2 /www/wwwroot/app.84000lookingfor.com/niucloud/vendor/topthink/think-orm/src/db/BaseQuery.php(1361): think\db\PDOConnection->find()
#3 [internal function]: think\db\BaseQuery->find()
#4 /www/wwwroot/app.84000lookingfor.com/niucloud/vendor/topthink/think-orm/src/Model.php(1091): call_user_func_array()
#5 /www/wwwroot/app.84000lookingfor.com/niucloud/app/service/core/schedule/CoreScheduleService.php(243): think\Model->__call()
#6 /www/wwwroot/app.84000lookingfor.com/niucloud/app/command/workerman/Workerman.php(64): app\service\core\schedule\CoreScheduleService->execute()
#7 /www/wwwroot/app.84000lookingfor.com/niucloud/vendor/workerman/workerman/Events/Select.php(238): app\command\workerman\Workerman->app\command\workerman\{closure}()
#8 /www/wwwroot/app.84000lookingfor.com/niucloud/vendor/workerman/workerman/Events/Select.php(299): Workerman\Events\Select->tick()
#9 /www/wwwroot/app.84000lookingfor.com/niucloud/vendor/workerman/workerman/Worker.php(1638): Workerman\Events\Select->loop()
#10 /www/wwwroot/app.84000lookingfor.com/niucloud/vendor/workerman/workerman/Worker.php(1429): Workerman\Worker::forkOneWorkerForLinux()
#11 /www/wwwroot/app.84000lookingfor.com/niucloud/vendor/workerman/workerman/Worker.php(1403): Workerman\Worker::forkWorkersForLinux()
#12 /www/wwwroot/app.84000lookingfor.com/niucloud/vendor/workerman/workerman/Worker.php(1788): Workerman\Worker::forkWorkers()
#13 /www/wwwroot/app.84000lookingfor.com/niucloud/vendor/workerman/workerman/Worker.php(1724): Workerman\Worker::monitorWorkersForLinux()
#14 /www/wwwroot/app.84000lookingfor.com/niucloud/vendor/workerman/workerman/Worker.php(562): Workerman\Worker::monitorWorkers()
#15 /www/wwwroot/app.84000lookingfor.com/niucloud/app/command/workerman/Workerman.php(118): Workerman\Worker::runAll()
#16 /www/wwwroot/app.84000lookingfor.com/niucloud/vendor/topthink/framework/src/think/console/Command.php(210): app\command\workerman\Workerman->execute()
#17 /www/wwwroot/app.84000lookingfor.com/niucloud/vendor/topthink/framework/src/think/Console.php(649): think\console\Command->run()
#18 /www/wwwroot/app.84000lookingfor.com/niucloud/vendor/topthink/framework/src/think/Console.php(308): think\Console->doRunCommand()
#19 /www/wwwroot/app.84000lookingfor.com/niucloud/vendor/topthink/framework/src/think/Console.php(245): think\Console->doRun()
#20 /www/wwwroot/app.84000lookingfor.com/niucloud/think(10): think\Console->run()
#21 {main}
2025-08-08 00:00:00 pid:289498 worker[schedule_work:3262494] exit with status 64000
2025-08-09 00:00:00 pid:3557127 think\db\exception\PDOException: SQLSTATE[HY000]: General error: 2006 MySQL server has gone away in /www/wwwroot/app.84000lookingfor.com/niucloud/vendor/topthink/think-orm/src/db/PDOConnection.php:836
Stack trace:
#0 /www/wwwroot/app.84000lookingfor.com/niucloud/vendor/topthink/think-orm/src/db/PDOConnection.php(745): think\db\PDOConnection->getPDOStatement()
#1 /www/wwwroot/app.84000lookingfor.com/niucloud/vendor/topthink/think-orm/src/db/PDOConnection.php(923): think\db\PDOConnection->pdoQuery()
#2 /www/wwwroot/app.84000lookingfor.com/niucloud/vendor/topthink/think-orm/src/db/BaseQuery.php(1361): think\db\PDOConnection->find()
#3 [internal function]: think\db\BaseQuery->find()
#4 /www/wwwroot/app.84000lookingfor.com/niucloud/vendor/topthink/think-orm/src/Model.php(1091): call_user_func_array()
#5 /www/wwwroot/app.84000lookingfor.com/niucloud/app/service/core/schedule/CoreScheduleService.php(243): think\Model->__call()
#6 /www/wwwroot/app.84000lookingfor.com/niucloud/app/command/workerman/Workerman.php(64): app\service\core\schedule\CoreScheduleService->execute()
#7 /www/wwwroot/app.84000lookingfor.com/niucloud/vendor/workerman/workerman/Events/Select.php(238): app\command\workerman\Workerman->app\command\workerman\{closure}()
#8 /www/wwwroot/app.84000lookingfor.com/niucloud/vendor/workerman/workerman/Events/Select.php(299): Workerman\Events\Select->tick()
#9 /www/wwwroot/app.84000lookingfor.com/niucloud/vendor/workerman/workerman/Worker.php(1638): Workerman\Events\Select->loop()
#10 /www/wwwroot/app.84000lookingfor.com/niucloud/vendor/workerman/workerman/Worker.php(1429): Workerman\Worker::forkOneWorkerForLinux()
#11 /www/wwwroot/app.84000lookingfor.com/niucloud/vendor/workerman/workerman/Worker.php(1403): Workerman\Worker::forkWorkersForLinux()
#12 /www/wwwroot/app.84000lookingfor.com/niucloud/vendor/workerman/workerman/Worker.php(1788): Workerman\Worker::forkWorkers()
#13 /www/wwwroot/app.84000lookingfor.com/niucloud/vendor/workerman/workerman/Worker.php(1724): Workerman\Worker::monitorWorkersForLinux()
#14 /www/wwwroot/app.84000lookingfor.com/niucloud/vendor/workerman/workerman/Worker.php(562): Workerman\Worker::monitorWorkers()
#15 /www/wwwroot/app.84000lookingfor.com/niucloud/app/command/workerman/Workerman.php(118): Workerman\Worker::runAll()
#16 /www/wwwroot/app.84000lookingfor.com/niucloud/vendor/topthink/framework/src/think/console/Command.php(210): app\command\workerman\Workerman->execute()
#17 /www/wwwroot/app.84000lookingfor.com/niucloud/vendor/topthink/framework/src/think/Console.php(649): think\console\Command->run()
#18 /www/wwwroot/app.84000lookingfor.com/niucloud/vendor/topthink/framework/src/think/Console.php(308): think\Console->doRunCommand()
#19 /www/wwwroot/app.84000lookingfor.com/niucloud/vendor/topthink/framework/src/think/Console.php(245): think\Console->doRun()
#20 /www/wwwroot/app.84000lookingfor.com/niucloud/think(10): think\Console->run()
#21 {main}
2025-08-09 00:00:00 pid:289498 worker[schedule_work:3557127] exit with status 64000
2025-08-10 00:00:00 pid:3851883 think\db\exception\PDOException: SQLSTATE[HY000]: General error: 2006 MySQL server has gone away in /www/wwwroot/app.84000lookingfor.com/niucloud/vendor/topthink/think-orm/src/db/PDOConnection.php:836
Stack trace:
#0 /www/wwwroot/app.84000lookingfor.com/niucloud/vendor/topthink/think-orm/src/db/PDOConnection.php(745): think\db\PDOConnection->getPDOStatement()
#1 /www/wwwroot/app.84000lookingfor.com/niucloud/vendor/topthink/think-orm/src/db/PDOConnection.php(923): think\db\PDOConnection->pdoQuery()
#2 /www/wwwroot/app.84000lookingfor.com/niucloud/vendor/topthink/think-orm/src/db/BaseQuery.php(1361): think\db\PDOConnection->find()
#3 [internal function]: think\db\BaseQuery->find()
#4 /www/wwwroot/app.84000lookingfor.com/niucloud/vendor/topthink/think-orm/src/Model.php(1091): call_user_func_array()
#5 /www/wwwroot/app.84000lookingfor.com/niucloud/app/service/core/schedule/CoreScheduleService.php(243): think\Model->__call()
#6 /www/wwwroot/app.84000lookingfor.com/niucloud/app/command/workerman/Workerman.php(64): app\service\core\schedule\CoreScheduleService->execute()
#7 /www/wwwroot/app.84000lookingfor.com/niucloud/vendor/workerman/workerman/Events/Select.php(238): app\command\workerman\Workerman->app\command\workerman\{closure}()
#8 /www/wwwroot/app.84000lookingfor.com/niucloud/vendor/workerman/workerman/Events/Select.php(299): Workerman\Events\Select->tick()
#9 /www/wwwroot/app.84000lookingfor.com/niucloud/vendor/workerman/workerman/Worker.php(1638): Workerman\Events\Select->loop()
#10 /www/wwwroot/app.84000lookingfor.com/niucloud/vendor/workerman/workerman/Worker.php(1429): Workerman\Worker::forkOneWorkerForLinux()
#11 /www/wwwroot/app.84000lookingfor.com/niucloud/vendor/workerman/workerman/Worker.php(1403): Workerman\Worker::forkWorkersForLinux()
#12 /www/wwwroot/app.84000lookingfor.com/niucloud/vendor/workerman/workerman/Worker.php(1788): Workerman\Worker::forkWorkers()
#13 /www/wwwroot/app.84000lookingfor.com/niucloud/vendor/workerman/workerman/Worker.php(1724): Workerman\Worker::monitorWorkersForLinux()
#14 /www/wwwroot/app.84000lookingfor.com/niucloud/vendor/workerman/workerman/Worker.php(562): Workerman\Worker::monitorWorkers()
#15 /www/wwwroot/app.84000lookingfor.com/niucloud/app/command/workerman/Workerman.php(118): Workerman\Worker::runAll()
#16 /www/wwwroot/app.84000lookingfor.com/niucloud/vendor/topthink/framework/src/think/console/Command.php(210): app\command\workerman\Workerman->execute()
#17 /www/wwwroot/app.84000lookingfor.com/niucloud/vendor/topthink/framework/src/think/Console.php(649): think\console\Command->run()
#18 /www/wwwroot/app.84000lookingfor.com/niucloud/vendor/topthink/framework/src/think/Console.php(308): think\Console->doRunCommand()
#19 /www/wwwroot/app.84000lookingfor.com/niucloud/vendor/topthink/framework/src/think/Console.php(245): think\Console->doRun()
#20 /www/wwwroot/app.84000lookingfor.com/niucloud/think(10): think\Console->run()
#21 {main}
2025-08-10 00:00:00 pid:289498 worker[schedule_work:3851883] exit with status 64000
2025-08-11 00:00:00 pid:4146369 think\db\exception\PDOException: SQLSTATE[HY000]: General error: 2006 MySQL server has gone away in /www/wwwroot/app.84000lookingfor.com/niucloud/vendor/topthink/think-orm/src/db/PDOConnection.php:836
Stack trace:
#0 /www/wwwroot/app.84000lookingfor.com/niucloud/vendor/topthink/think-orm/src/db/PDOConnection.php(745): think\db\PDOConnection->getPDOStatement()
#1 /www/wwwroot/app.84000lookingfor.com/niucloud/vendor/topthink/think-orm/src/db/PDOConnection.php(923): think\db\PDOConnection->pdoQuery()
#2 /www/wwwroot/app.84000lookingfor.com/niucloud/vendor/topthink/think-orm/src/db/BaseQuery.php(1361): think\db\PDOConnection->find()
#3 [internal function]: think\db\BaseQuery->find()
#4 /www/wwwroot/app.84000lookingfor.com/niucloud/vendor/topthink/think-orm/src/Model.php(1091): call_user_func_array()
#5 /www/wwwroot/app.84000lookingfor.com/niucloud/app/service/core/schedule/CoreScheduleService.php(243): think\Model->__call()
#6 /www/wwwroot/app.84000lookingfor.com/niucloud/app/command/workerman/Workerman.php(64): app\service\core\schedule\CoreScheduleService->execute()
#7 /www/wwwroot/app.84000lookingfor.com/niucloud/vendor/workerman/workerman/Events/Select.php(238): app\command\workerman\Workerman->app\command\workerman\{closure}()
#8 /www/wwwroot/app.84000lookingfor.com/niucloud/vendor/workerman/workerman/Events/Select.php(299): Workerman\Events\Select->tick()
#9 /www/wwwroot/app.84000lookingfor.com/niucloud/vendor/workerman/workerman/Worker.php(1638): Workerman\Events\Select->loop()
#10 /www/wwwroot/app.84000lookingfor.com/niucloud/vendor/workerman/workerman/Worker.php(1429): Workerman\Worker::forkOneWorkerForLinux()
#11 /www/wwwroot/app.84000lookingfor.com/niucloud/vendor/workerman/workerman/Worker.php(1403): Workerman\Worker::forkWorkersForLinux()
#12 /www/wwwroot/app.84000lookingfor.com/niucloud/vendor/workerman/workerman/Worker.php(1788): Workerman\Worker::forkWorkers()
#13 /www/wwwroot/app.84000lookingfor.com/niucloud/vendor/workerman/workerman/Worker.php(1724): Workerman\Worker::monitorWorkersForLinux()
#14 /www/wwwroot/app.84000lookingfor.com/niucloud/vendor/workerman/workerman/Worker.php(562): Workerman\Worker::monitorWorkers()
#15 /www/wwwroot/app.84000lookingfor.com/niucloud/app/command/workerman/Workerman.php(118): Workerman\Worker::runAll()
#16 /www/wwwroot/app.84000lookingfor.com/niucloud/vendor/topthink/framework/src/think/console/Command.php(210): app\command\workerman\Workerman->execute()
#17 /www/wwwroot/app.84000lookingfor.com/niucloud/vendor/topthink/framework/src/think/Console.php(649): think\console\Command->run()
#18 /www/wwwroot/app.84000lookingfor.com/niucloud/vendor/topthink/framework/src/think/Console.php(308): think\Console->doRunCommand()
#19 /www/wwwroot/app.84000lookingfor.com/niucloud/vendor/topthink/framework/src/think/Console.php(245): think\Console->doRun()
#20 /www/wwwroot/app.84000lookingfor.com/niucloud/think(10): think\Console->run()
#21 {main}
2025-08-11 00:00:00 pid:289498 worker[schedule_work:4146369] exit with status 64000
2025-08-12 00:00:00 pid:246977 think\db\exception\PDOException: SQLSTATE[HY000]: General error: 2006 MySQL server has gone away in /www/wwwroot/app.84000lookingfor.com/niucloud/vendor/topthink/think-orm/src/db/PDOConnection.php:836
Stack trace:
#0 /www/wwwroot/app.84000lookingfor.com/niucloud/vendor/topthink/think-orm/src/db/PDOConnection.php(745): think\db\PDOConnection->getPDOStatement()
#1 /www/wwwroot/app.84000lookingfor.com/niucloud/vendor/topthink/think-orm/src/db/PDOConnection.php(923): think\db\PDOConnection->pdoQuery()
#2 /www/wwwroot/app.84000lookingfor.com/niucloud/vendor/topthink/think-orm/src/db/BaseQuery.php(1361): think\db\PDOConnection->find()
#3 [internal function]: think\db\BaseQuery->find()
#4 /www/wwwroot/app.84000lookingfor.com/niucloud/vendor/topthink/think-orm/src/Model.php(1091): call_user_func_array()
#5 /www/wwwroot/app.84000lookingfor.com/niucloud/app/service/core/schedule/CoreScheduleService.php(243): think\Model->__call()
#6 /www/wwwroot/app.84000lookingfor.com/niucloud/app/command/workerman/Workerman.php(64): app\service\core\schedule\CoreScheduleService->execute()
#7 /www/wwwroot/app.84000lookingfor.com/niucloud/vendor/workerman/workerman/Events/Select.php(238): app\command\workerman\Workerman->app\command\workerman\{closure}()
#8 /www/wwwroot/app.84000lookingfor.com/niucloud/vendor/workerman/workerman/Events/Select.php(299): Workerman\Events\Select->tick()
#9 /www/wwwroot/app.84000lookingfor.com/niucloud/vendor/workerman/workerman/Worker.php(1638): Workerman\Events\Select->loop()
#10 /www/wwwroot/app.84000lookingfor.com/niucloud/vendor/workerman/workerman/Worker.php(1429): Workerman\Worker::forkOneWorkerForLinux()
#11 /www/wwwroot/app.84000lookingfor.com/niucloud/vendor/workerman/workerman/Worker.php(1403): Workerman\Worker::forkWorkersForLinux()
#12 /www/wwwroot/app.84000lookingfor.com/niucloud/vendor/workerman/workerman/Worker.php(1788): Workerman\Worker::forkWorkers()
#13 /www/wwwroot/app.84000lookingfor.com/niucloud/vendor/workerman/workerman/Worker.php(1724): Workerman\Worker::monitorWorkersForLinux()
#14 /www/wwwroot/app.84000lookingfor.com/niucloud/vendor/workerman/workerman/Worker.php(562): Workerman\Worker::monitorWorkers()
#15 /www/wwwroot/app.84000lookingfor.com/niucloud/app/command/workerman/Workerman.php(118): Workerman\Worker::runAll()
#16 /www/wwwroot/app.84000lookingfor.com/niucloud/vendor/topthink/framework/src/think/console/Command.php(210): app\command\workerman\Workerman->execute()
#17 /www/wwwroot/app.84000lookingfor.com/niucloud/vendor/topthink/framework/src/think/Console.php(649): think\console\Command->run()
#18 /www/wwwroot/app.84000lookingfor.com/niucloud/vendor/topthink/framework/src/think/Console.php(308): think\Console->doRunCommand()
#19 /www/wwwroot/app.84000lookingfor.com/niucloud/vendor/topthink/framework/src/think/Console.php(245): think\Console->doRun()
#20 /www/wwwroot/app.84000lookingfor.com/niucloud/think(10): think\Console->run()
#21 {main}
2025-08-12 00:00:00 pid:289498 worker[schedule_work:246977] exit with status 64000
2025-08-13 00:00:00 pid:541802 think\db\exception\PDOException: SQLSTATE[HY000]: General error: 2006 MySQL server has gone away in /www/wwwroot/app.84000lookingfor.com/niucloud/vendor/topthink/think-orm/src/db/PDOConnection.php:836
Stack trace:
#0 /www/wwwroot/app.84000lookingfor.com/niucloud/vendor/topthink/think-orm/src/db/PDOConnection.php(745): think\db\PDOConnection->getPDOStatement()
#1 /www/wwwroot/app.84000lookingfor.com/niucloud/vendor/topthink/think-orm/src/db/PDOConnection.php(923): think\db\PDOConnection->pdoQuery()
#2 /www/wwwroot/app.84000lookingfor.com/niucloud/vendor/topthink/think-orm/src/db/BaseQuery.php(1361): think\db\PDOConnection->find()
#3 [internal function]: think\db\BaseQuery->find()
#4 /www/wwwroot/app.84000lookingfor.com/niucloud/vendor/topthink/think-orm/src/Model.php(1091): call_user_func_array()
#5 /www/wwwroot/app.84000lookingfor.com/niucloud/app/service/core/schedule/CoreScheduleService.php(243): think\Model->__call()
#6 /www/wwwroot/app.84000lookingfor.com/niucloud/app/command/workerman/Workerman.php(64): app\service\core\schedule\CoreScheduleService->execute()
#7 /www/wwwroot/app.84000lookingfor.com/niucloud/vendor/workerman/workerman/Events/Select.php(238): app\command\workerman\Workerman->app\command\workerman\{closure}()
#8 /www/wwwroot/app.84000lookingfor.com/niucloud/vendor/workerman/workerman/Events/Select.php(299): Workerman\Events\Select->tick()
#9 /www/wwwroot/app.84000lookingfor.com/niucloud/vendor/workerman/workerman/Worker.php(1638): Workerman\Events\Select->loop()
#10 /www/wwwroot/app.84000lookingfor.com/niucloud/vendor/workerman/workerman/Worker.php(1429): Workerman\Worker::forkOneWorkerForLinux()
#11 /www/wwwroot/app.84000lookingfor.com/niucloud/vendor/workerman/workerman/Worker.php(1403): Workerman\Worker::forkWorkersForLinux()
#12 /www/wwwroot/app.84000lookingfor.com/niucloud/vendor/workerman/workerman/Worker.php(1788): Workerman\Worker::forkWorkers()
#13 /www/wwwroot/app.84000lookingfor.com/niucloud/vendor/workerman/workerman/Worker.php(1724): Workerman\Worker::monitorWorkersForLinux()
#14 /www/wwwroot/app.84000lookingfor.com/niucloud/vendor/workerman/workerman/Worker.php(562): Workerman\Worker::monitorWorkers()
#15 /www/wwwroot/app.84000lookingfor.com/niucloud/app/command/workerman/Workerman.php(118): Workerman\Worker::runAll()
#16 /www/wwwroot/app.84000lookingfor.com/niucloud/vendor/topthink/framework/src/think/console/Command.php(210): app\command\workerman\Workerman->execute()
#17 /www/wwwroot/app.84000lookingfor.com/niucloud/vendor/topthink/framework/src/think/Console.php(649): think\console\Command->run()
#18 /www/wwwroot/app.84000lookingfor.com/niucloud/vendor/topthink/framework/src/think/Console.php(308): think\Console->doRunCommand()
#19 /www/wwwroot/app.84000lookingfor.com/niucloud/vendor/topthink/framework/src/think/Console.php(245): think\Console->doRun()
#20 /www/wwwroot/app.84000lookingfor.com/niucloud/think(10): think\Console->run()
#21 {main}
2025-08-13 00:00:00 pid:289498 worker[schedule_work:541802] exit with status 64000
2025-08-14 00:00:00 pid:836688 think\db\exception\PDOException: SQLSTATE[HY000]: General error: 2006 MySQL server has gone away in /www/wwwroot/app.84000lookingfor.com/niucloud/vendor/topthink/think-orm/src/db/PDOConnection.php:836
Stack trace:
#0 /www/wwwroot/app.84000lookingfor.com/niucloud/vendor/topthink/think-orm/src/db/PDOConnection.php(745): think\db\PDOConnection->getPDOStatement()
#1 /www/wwwroot/app.84000lookingfor.com/niucloud/vendor/topthink/think-orm/src/db/PDOConnection.php(923): think\db\PDOConnection->pdoQuery()
#2 /www/wwwroot/app.84000lookingfor.com/niucloud/vendor/topthink/think-orm/src/db/BaseQuery.php(1361): think\db\PDOConnection->find()
#3 [internal function]: think\db\BaseQuery->find()
#4 /www/wwwroot/app.84000lookingfor.com/niucloud/vendor/topthink/think-orm/src/Model.php(1091): call_user_func_array()
#5 /www/wwwroot/app.84000lookingfor.com/niucloud/app/service/core/schedule/CoreScheduleService.php(243): think\Model->__call()
#6 /www/wwwroot/app.84000lookingfor.com/niucloud/app/command/workerman/Workerman.php(64): app\service\core\schedule\CoreScheduleService->execute()
#7 /www/wwwroot/app.84000lookingfor.com/niucloud/vendor/workerman/workerman/Events/Select.php(238): app\command\workerman\Workerman->app\command\workerman\{closure}()
#8 /www/wwwroot/app.84000lookingfor.com/niucloud/vendor/workerman/workerman/Events/Select.php(299): Workerman\Events\Select->tick()
#9 /www/wwwroot/app.84000lookingfor.com/niucloud/vendor/workerman/workerman/Worker.php(1638): Workerman\Events\Select->loop()
#10 /www/wwwroot/app.84000lookingfor.com/niucloud/vendor/workerman/workerman/Worker.php(1429): Workerman\Worker::forkOneWorkerForLinux()
#11 /www/wwwroot/app.84000lookingfor.com/niucloud/vendor/workerman/workerman/Worker.php(1403): Workerman\Worker::forkWorkersForLinux()
#12 /www/wwwroot/app.84000lookingfor.com/niucloud/vendor/workerman/workerman/Worker.php(1788): Workerman\Worker::forkWorkers()
#13 /www/wwwroot/app.84000lookingfor.com/niucloud/vendor/workerman/workerman/Worker.php(1724): Workerman\Worker::monitorWorkersForLinux()
#14 /www/wwwroot/app.84000lookingfor.com/niucloud/vendor/workerman/workerman/Worker.php(562): Workerman\Worker::monitorWorkers()
#15 /www/wwwroot/app.84000lookingfor.com/niucloud/app/command/workerman/Workerman.php(118): Workerman\Worker::runAll()
#16 /www/wwwroot/app.84000lookingfor.com/niucloud/vendor/topthink/framework/src/think/console/Command.php(210): app\command\workerman\Workerman->execute()
#17 /www/wwwroot/app.84000lookingfor.com/niucloud/vendor/topthink/framework/src/think/Console.php(649): think\console\Command->run()
#18 /www/wwwroot/app.84000lookingfor.com/niucloud/vendor/topthink/framework/src/think/Console.php(308): think\Console->doRunCommand()
#19 /www/wwwroot/app.84000lookingfor.com/niucloud/vendor/topthink/framework/src/think/Console.php(245): think\Console->doRun()
#20 /www/wwwroot/app.84000lookingfor.com/niucloud/think(10): think\Console->run()
#21 {main}
2025-08-14 00:00:00 pid:289498 worker[schedule_work:836688] exit with status 64000
2025-08-15 00:00:00 pid:1131641 think\db\exception\PDOException: SQLSTATE[HY000]: General error: 2006 MySQL server has gone away in /www/wwwroot/app.84000lookingfor.com/niucloud/vendor/topthink/think-orm/src/db/PDOConnection.php:836
Stack trace:
#0 /www/wwwroot/app.84000lookingfor.com/niucloud/vendor/topthink/think-orm/src/db/PDOConnection.php(745): think\db\PDOConnection->getPDOStatement()
#1 /www/wwwroot/app.84000lookingfor.com/niucloud/vendor/topthink/think-orm/src/db/PDOConnection.php(923): think\db\PDOConnection->pdoQuery()
#2 /www/wwwroot/app.84000lookingfor.com/niucloud/vendor/topthink/think-orm/src/db/BaseQuery.php(1361): think\db\PDOConnection->find()
#3 [internal function]: think\db\BaseQuery->find()
#4 /www/wwwroot/app.84000lookingfor.com/niucloud/vendor/topthink/think-orm/src/Model.php(1091): call_user_func_array()
#5 /www/wwwroot/app.84000lookingfor.com/niucloud/app/service/core/schedule/CoreScheduleService.php(243): think\Model->__call()
#6 /www/wwwroot/app.84000lookingfor.com/niucloud/app/command/workerman/Workerman.php(64): app\service\core\schedule\CoreScheduleService->execute()
#7 /www/wwwroot/app.84000lookingfor.com/niucloud/vendor/workerman/workerman/Events/Select.php(238): app\command\workerman\Workerman->app\command\workerman\{closure}()
#8 /www/wwwroot/app.84000lookingfor.com/niucloud/vendor/workerman/workerman/Events/Select.php(299): Workerman\Events\Select->tick()
#9 /www/wwwroot/app.84000lookingfor.com/niucloud/vendor/workerman/workerman/Worker.php(1638): Workerman\Events\Select->loop()
#10 /www/wwwroot/app.84000lookingfor.com/niucloud/vendor/workerman/workerman/Worker.php(1429): Workerman\Worker::forkOneWorkerForLinux()
#11 /www/wwwroot/app.84000lookingfor.com/niucloud/vendor/workerman/workerman/Worker.php(1403): Workerman\Worker::forkWorkersForLinux()
#12 /www/wwwroot/app.84000lookingfor.com/niucloud/vendor/workerman/workerman/Worker.php(1788): Workerman\Worker::forkWorkers()
#13 /www/wwwroot/app.84000lookingfor.com/niucloud/vendor/workerman/workerman/Worker.php(1724): Workerman\Worker::monitorWorkersForLinux()
#14 /www/wwwroot/app.84000lookingfor.com/niucloud/vendor/workerman/workerman/Worker.php(562): Workerman\Worker::monitorWorkers()
#15 /www/wwwroot/app.84000lookingfor.com/niucloud/app/command/workerman/Workerman.php(118): Workerman\Worker::runAll()
#16 /www/wwwroot/app.84000lookingfor.com/niucloud/vendor/topthink/framework/src/think/console/Command.php(210): app\command\workerman\Workerman->execute()
#17 /www/wwwroot/app.84000lookingfor.com/niucloud/vendor/topthink/framework/src/think/Console.php(649): think\console\Command->run()
#18 /www/wwwroot/app.84000lookingfor.com/niucloud/vendor/topthink/framework/src/think/Console.php(308): think\Console->doRunCommand()
#19 /www/wwwroot/app.84000lookingfor.com/niucloud/vendor/topthink/framework/src/think/Console.php(245): think\Console->doRun()
#20 /www/wwwroot/app.84000lookingfor.com/niucloud/think(10): think\Console->run()
#21 {main}
2025-08-15 00:00:00 pid:289498 worker[schedule_work:1131641] exit with status 64000
2025-08-16 00:00:00 pid:1426137 think\db\exception\PDOException: SQLSTATE[HY000]: General error: 2006 MySQL server has gone away in /www/wwwroot/app.84000lookingfor.com/niucloud/vendor/topthink/think-orm/src/db/PDOConnection.php:836
Stack trace:
#0 /www/wwwroot/app.84000lookingfor.com/niucloud/vendor/topthink/think-orm/src/db/PDOConnection.php(745): think\db\PDOConnection->getPDOStatement()
#1 /www/wwwroot/app.84000lookingfor.com/niucloud/vendor/topthink/think-orm/src/db/PDOConnection.php(923): think\db\PDOConnection->pdoQuery()
#2 /www/wwwroot/app.84000lookingfor.com/niucloud/vendor/topthink/think-orm/src/db/BaseQuery.php(1361): think\db\PDOConnection->find()
#3 [internal function]: think\db\BaseQuery->find()
#4 /www/wwwroot/app.84000lookingfor.com/niucloud/vendor/topthink/think-orm/src/Model.php(1091): call_user_func_array()
#5 /www/wwwroot/app.84000lookingfor.com/niucloud/app/service/core/schedule/CoreScheduleService.php(243): think\Model->__call()
#6 /www/wwwroot/app.84000lookingfor.com/niucloud/app/command/workerman/Workerman.php(64): app\service\core\schedule\CoreScheduleService->execute()
#7 /www/wwwroot/app.84000lookingfor.com/niucloud/vendor/workerman/workerman/Events/Select.php(238): app\command\workerman\Workerman->app\command\workerman\{closure}()
#8 /www/wwwroot/app.84000lookingfor.com/niucloud/vendor/workerman/workerman/Events/Select.php(299): Workerman\Events\Select->tick()
#9 /www/wwwroot/app.84000lookingfor.com/niucloud/vendor/workerman/workerman/Worker.php(1638): Workerman\Events\Select->loop()
#10 /www/wwwroot/app.84000lookingfor.com/niucloud/vendor/workerman/workerman/Worker.php(1429): Workerman\Worker::forkOneWorkerForLinux()
#11 /www/wwwroot/app.84000lookingfor.com/niucloud/vendor/workerman/workerman/Worker.php(1403): Workerman\Worker::forkWorkersForLinux()
#12 /www/wwwroot/app.84000lookingfor.com/niucloud/vendor/workerman/workerman/Worker.php(1788): Workerman\Worker::forkWorkers()
#13 /www/wwwroot/app.84000lookingfor.com/niucloud/vendor/workerman/workerman/Worker.php(1724): Workerman\Worker::monitorWorkersForLinux()
#14 /www/wwwroot/app.84000lookingfor.com/niucloud/vendor/workerman/workerman/Worker.php(562): Workerman\Worker::monitorWorkers()
#15 /www/wwwroot/app.84000lookingfor.com/niucloud/app/command/workerman/Workerman.php(118): Workerman\Worker::runAll()
#16 /www/wwwroot/app.84000lookingfor.com/niucloud/vendor/topthink/framework/src/think/console/Command.php(210): app\command\workerman\Workerman->execute()
#17 /www/wwwroot/app.84000lookingfor.com/niucloud/vendor/topthink/framework/src/think/Console.php(649): think\console\Command->run()
#18 /www/wwwroot/app.84000lookingfor.com/niucloud/vendor/topthink/framework/src/think/Console.php(308): think\Console->doRunCommand()
#19 /www/wwwroot/app.84000lookingfor.com/niucloud/vendor/topthink/framework/src/think/Console.php(245): think\Console->doRun()
#20 /www/wwwroot/app.84000lookingfor.com/niucloud/think(10): think\Console->run()
#21 {main}
2025-08-16 00:00:00 pid:289498 worker[schedule_work:1426137] exit with status 64000
2025-08-17 00:00:00 pid:1721030 think\db\exception\PDOException: SQLSTATE[HY000]: General error: 2006 MySQL server has gone away in /www/wwwroot/app.84000lookingfor.com/niucloud/vendor/topthink/think-orm/src/db/PDOConnection.php:836
Stack trace:
#0 /www/wwwroot/app.84000lookingfor.com/niucloud/vendor/topthink/think-orm/src/db/PDOConnection.php(745): think\db\PDOConnection->getPDOStatement()
#1 /www/wwwroot/app.84000lookingfor.com/niucloud/vendor/topthink/think-orm/src/db/PDOConnection.php(923): think\db\PDOConnection->pdoQuery()
#2 /www/wwwroot/app.84000lookingfor.com/niucloud/vendor/topthink/think-orm/src/db/BaseQuery.php(1361): think\db\PDOConnection->find()
#3 [internal function]: think\db\BaseQuery->find()
#4 /www/wwwroot/app.84000lookingfor.com/niucloud/vendor/topthink/think-orm/src/Model.php(1091): call_user_func_array()
#5 /www/wwwroot/app.84000lookingfor.com/niucloud/app/service/core/schedule/CoreScheduleService.php(243): think\Model->__call()
#6 /www/wwwroot/app.84000lookingfor.com/niucloud/app/command/workerman/Workerman.php(64): app\service\core\schedule\CoreScheduleService->execute()
#7 /www/wwwroot/app.84000lookingfor.com/niucloud/vendor/workerman/workerman/Events/Select.php(238): app\command\workerman\Workerman->app\command\workerman\{closure}()
#8 /www/wwwroot/app.84000lookingfor.com/niucloud/vendor/workerman/workerman/Events/Select.php(299): Workerman\Events\Select->tick()
#9 /www/wwwroot/app.84000lookingfor.com/niucloud/vendor/workerman/workerman/Worker.php(1638): Workerman\Events\Select->loop()
#10 /www/wwwroot/app.84000lookingfor.com/niucloud/vendor/workerman/workerman/Worker.php(1429): Workerman\Worker::forkOneWorkerForLinux()
#11 /www/wwwroot/app.84000lookingfor.com/niucloud/vendor/workerman/workerman/Worker.php(1403): Workerman\Worker::forkWorkersForLinux()
#12 /www/wwwroot/app.84000lookingfor.com/niucloud/vendor/workerman/workerman/Worker.php(1788): Workerman\Worker::forkWorkers()
#13 /www/wwwroot/app.84000lookingfor.com/niucloud/vendor/workerman/workerman/Worker.php(1724): Workerman\Worker::monitorWorkersForLinux()
#14 /www/wwwroot/app.84000lookingfor.com/niucloud/vendor/workerman/workerman/Worker.php(562): Workerman\Worker::monitorWorkers()
#15 /www/wwwroot/app.84000lookingfor.com/niucloud/app/command/workerman/Workerman.php(118): Workerman\Worker::runAll()
#16 /www/wwwroot/app.84000lookingfor.com/niucloud/vendor/topthink/framework/src/think/console/Command.php(210): app\command\workerman\Workerman->execute()
#17 /www/wwwroot/app.84000lookingfor.com/niucloud/vendor/topthink/framework/src/think/Console.php(649): think\console\Command->run()
#18 /www/wwwroot/app.84000lookingfor.com/niucloud/vendor/topthink/framework/src/think/Console.php(308): think\Console->doRunCommand()
#19 /www/wwwroot/app.84000lookingfor.com/niucloud/vendor/topthink/framework/src/think/Console.php(245): think\Console->doRun()
#20 /www/wwwroot/app.84000lookingfor.com/niucloud/think(10): think\Console->run()
#21 {main}
2025-08-17 00:00:00 pid:289498 worker[schedule_work:1721030] exit with status 64000
2025-08-18 00:00:00 pid:2015429 think\db\exception\PDOException: SQLSTATE[HY000]: General error: 2006 MySQL server has gone away in /www/wwwroot/app.84000lookingfor.com/niucloud/vendor/topthink/think-orm/src/db/PDOConnection.php:836
Stack trace:
#0 /www/wwwroot/app.84000lookingfor.com/niucloud/vendor/topthink/think-orm/src/db/PDOConnection.php(745): think\db\PDOConnection->getPDOStatement()
#1 /www/wwwroot/app.84000lookingfor.com/niucloud/vendor/topthink/think-orm/src/db/PDOConnection.php(923): think\db\PDOConnection->pdoQuery()
#2 /www/wwwroot/app.84000lookingfor.com/niucloud/vendor/topthink/think-orm/src/db/BaseQuery.php(1361): think\db\PDOConnection->find()
#3 [internal function]: think\db\BaseQuery->find()
#4 /www/wwwroot/app.84000lookingfor.com/niucloud/vendor/topthink/think-orm/src/Model.php(1091): call_user_func_array()
#5 /www/wwwroot/app.84000lookingfor.com/niucloud/app/service/core/schedule/CoreScheduleService.php(243): think\Model->__call()
#6 /www/wwwroot/app.84000lookingfor.com/niucloud/app/command/workerman/Workerman.php(64): app\service\core\schedule\CoreScheduleService->execute()
#7 /www/wwwroot/app.84000lookingfor.com/niucloud/vendor/workerman/workerman/Events/Select.php(238): app\command\workerman\Workerman->app\command\workerman\{closure}()
#8 /www/wwwroot/app.84000lookingfor.com/niucloud/vendor/workerman/workerman/Events/Select.php(299): Workerman\Events\Select->tick()
#9 /www/wwwroot/app.84000lookingfor.com/niucloud/vendor/workerman/workerman/Worker.php(1638): Workerman\Events\Select->loop()
#10 /www/wwwroot/app.84000lookingfor.com/niucloud/vendor/workerman/workerman/Worker.php(1429): Workerman\Worker::forkOneWorkerForLinux()
#11 /www/wwwroot/app.84000lookingfor.com/niucloud/vendor/workerman/workerman/Worker.php(1403): Workerman\Worker::forkWorkersForLinux()
#12 /www/wwwroot/app.84000lookingfor.com/niucloud/vendor/workerman/workerman/Worker.php(1788): Workerman\Worker::forkWorkers()
#13 /www/wwwroot/app.84000lookingfor.com/niucloud/vendor/workerman/workerman/Worker.php(1724): Workerman\Worker::monitorWorkersForLinux()
#14 /www/wwwroot/app.84000lookingfor.com/niucloud/vendor/workerman/workerman/Worker.php(562): Workerman\Worker::monitorWorkers()
#15 /www/wwwroot/app.84000lookingfor.com/niucloud/app/command/workerman/Workerman.php(118): Workerman\Worker::runAll()
#16 /www/wwwroot/app.84000lookingfor.com/niucloud/vendor/topthink/framework/src/think/console/Command.php(210): app\command\workerman\Workerman->execute()
#17 /www/wwwroot/app.84000lookingfor.com/niucloud/vendor/topthink/framework/src/think/Console.php(649): think\console\Command->run()
#18 /www/wwwroot/app.84000lookingfor.com/niucloud/vendor/topthink/framework/src/think/Console.php(308): think\Console->doRunCommand()
#19 /www/wwwroot/app.84000lookingfor.com/niucloud/vendor/topthink/framework/src/think/Console.php(245): think\Console->doRun()
#20 /www/wwwroot/app.84000lookingfor.com/niucloud/think(10): think\Console->run()
#21 {main}
2025-08-18 00:00:00 pid:289498 worker[schedule_work:2015429] exit with status 64000
2025-08-19 00:00:00 pid:2309752 think\db\exception\PDOException: SQLSTATE[HY000]: General error: 2006 MySQL server has gone away in /www/wwwroot/app.84000lookingfor.com/niucloud/vendor/topthink/think-orm/src/db/PDOConnection.php:836
Stack trace:
#0 /www/wwwroot/app.84000lookingfor.com/niucloud/vendor/topthink/think-orm/src/db/PDOConnection.php(745): think\db\PDOConnection->getPDOStatement()
#1 /www/wwwroot/app.84000lookingfor.com/niucloud/vendor/topthink/think-orm/src/db/PDOConnection.php(923): think\db\PDOConnection->pdoQuery()
#2 /www/wwwroot/app.84000lookingfor.com/niucloud/vendor/topthink/think-orm/src/db/BaseQuery.php(1361): think\db\PDOConnection->find()
#3 [internal function]: think\db\BaseQuery->find()
#4 /www/wwwroot/app.84000lookingfor.com/niucloud/vendor/topthink/think-orm/src/Model.php(1091): call_user_func_array()
#5 /www/wwwroot/app.84000lookingfor.com/niucloud/app/service/core/schedule/CoreScheduleService.php(243): think\Model->__call()
#6 /www/wwwroot/app.84000lookingfor.com/niucloud/app/command/workerman/Workerman.php(64): app\service\core\schedule\CoreScheduleService->execute()
#7 /www/wwwroot/app.84000lookingfor.com/niucloud/vendor/workerman/workerman/Events/Select.php(238): app\command\workerman\Workerman->app\command\workerman\{closure}()
#8 /www/wwwroot/app.84000lookingfor.com/niucloud/vendor/workerman/workerman/Events/Select.php(299): Workerman\Events\Select->tick()
#9 /www/wwwroot/app.84000lookingfor.com/niucloud/vendor/workerman/workerman/Worker.php(1638): Workerman\Events\Select->loop()
#10 /www/wwwroot/app.84000lookingfor.com/niucloud/vendor/workerman/workerman/Worker.php(1429): Workerman\Worker::forkOneWorkerForLinux()
#11 /www/wwwroot/app.84000lookingfor.com/niucloud/vendor/workerman/workerman/Worker.php(1403): Workerman\Worker::forkWorkersForLinux()
#12 /www/wwwroot/app.84000lookingfor.com/niucloud/vendor/workerman/workerman/Worker.php(1788): Workerman\Worker::forkWorkers()
#13 /www/wwwroot/app.84000lookingfor.com/niucloud/vendor/workerman/workerman/Worker.php(1724): Workerman\Worker::monitorWorkersForLinux()
#14 /www/wwwroot/app.84000lookingfor.com/niucloud/vendor/workerman/workerman/Worker.php(562): Workerman\Worker::monitorWorkers()
#15 /www/wwwroot/app.84000lookingfor.com/niucloud/app/command/workerman/Workerman.php(118): Workerman\Worker::runAll()
#16 /www/wwwroot/app.84000lookingfor.com/niucloud/vendor/topthink/framework/src/think/console/Command.php(210): app\command\workerman\Workerman->execute()
#17 /www/wwwroot/app.84000lookingfor.com/niucloud/vendor/topthink/framework/src/think/Console.php(649): think\console\Command->run()
#18 /www/wwwroot/app.84000lookingfor.com/niucloud/vendor/topthink/framework/src/think/Console.php(308): think\Console->doRunCommand()
#19 /www/wwwroot/app.84000lookingfor.com/niucloud/vendor/topthink/framework/src/think/Console.php(245): think\Console->doRun()
#20 /www/wwwroot/app.84000lookingfor.com/niucloud/think(10): think\Console->run()
#21 {main}
2025-08-19 00:00:00 pid:289498 worker[schedule_work:2309752] exit with status 64000
2025-08-20 00:00:00 pid:2604257 think\db\exception\PDOException: SQLSTATE[HY000]: General error: 2006 MySQL server has gone away in /www/wwwroot/app.84000lookingfor.com/niucloud/vendor/topthink/think-orm/src/db/PDOConnection.php:836
Stack trace:
#0 /www/wwwroot/app.84000lookingfor.com/niucloud/vendor/topthink/think-orm/src/db/PDOConnection.php(745): think\db\PDOConnection->getPDOStatement()
#1 /www/wwwroot/app.84000lookingfor.com/niucloud/vendor/topthink/think-orm/src/db/PDOConnection.php(923): think\db\PDOConnection->pdoQuery()
#2 /www/wwwroot/app.84000lookingfor.com/niucloud/vendor/topthink/think-orm/src/db/BaseQuery.php(1361): think\db\PDOConnection->find()
#3 [internal function]: think\db\BaseQuery->find()
#4 /www/wwwroot/app.84000lookingfor.com/niucloud/vendor/topthink/think-orm/src/Model.php(1091): call_user_func_array()
#5 /www/wwwroot/app.84000lookingfor.com/niucloud/app/service/core/schedule/CoreScheduleService.php(243): think\Model->__call()
#6 /www/wwwroot/app.84000lookingfor.com/niucloud/app/command/workerman/Workerman.php(64): app\service\core\schedule\CoreScheduleService->execute()
#7 /www/wwwroot/app.84000lookingfor.com/niucloud/vendor/workerman/workerman/Events/Select.php(238): app\command\workerman\Workerman->app\command\workerman\{closure}()
#8 /www/wwwroot/app.84000lookingfor.com/niucloud/vendor/workerman/workerman/Events/Select.php(299): Workerman\Events\Select->tick()
#9 /www/wwwroot/app.84000lookingfor.com/niucloud/vendor/workerman/workerman/Worker.php(1638): Workerman\Events\Select->loop()
#10 /www/wwwroot/app.84000lookingfor.com/niucloud/vendor/workerman/workerman/Worker.php(1429): Workerman\Worker::forkOneWorkerForLinux()
#11 /www/wwwroot/app.84000lookingfor.com/niucloud/vendor/workerman/workerman/Worker.php(1403): Workerman\Worker::forkWorkersForLinux()
#12 /www/wwwroot/app.84000lookingfor.com/niucloud/vendor/workerman/workerman/Worker.php(1788): Workerman\Worker::forkWorkers()
#13 /www/wwwroot/app.84000lookingfor.com/niucloud/vendor/workerman/workerman/Worker.php(1724): Workerman\Worker::monitorWorkersForLinux()
#14 /www/wwwroot/app.84000lookingfor.com/niucloud/vendor/workerman/workerman/Worker.php(562): Workerman\Worker::monitorWorkers()
#15 /www/wwwroot/app.84000lookingfor.com/niucloud/app/command/workerman/Workerman.php(118): Workerman\Worker::runAll()
#16 /www/wwwroot/app.84000lookingfor.com/niucloud/vendor/topthink/framework/src/think/console/Command.php(210): app\command\workerman\Workerman->execute()
#17 /www/wwwroot/app.84000lookingfor.com/niucloud/vendor/topthink/framework/src/think/Console.php(649): think\console\Command->run()
#18 /www/wwwroot/app.84000lookingfor.com/niucloud/vendor/topthink/framework/src/think/Console.php(308): think\Console->doRunCommand()
#19 /www/wwwroot/app.84000lookingfor.com/niucloud/vendor/topthink/framework/src/think/Console.php(245): think\Console->doRun()
#20 /www/wwwroot/app.84000lookingfor.com/niucloud/think(10): think\Console->run()
#21 {main}
2025-08-20 00:00:00 pid:289498 worker[schedule_work:2604257] exit with status 64000
2025-08-21 00:00:00 pid:2898703 think\db\exception\PDOException: SQLSTATE[HY000]: General error: 2006 MySQL server has gone away in /www/wwwroot/app.84000lookingfor.com/niucloud/vendor/topthink/think-orm/src/db/PDOConnection.php:836
Stack trace:
#0 /www/wwwroot/app.84000lookingfor.com/niucloud/vendor/topthink/think-orm/src/db/PDOConnection.php(745): think\db\PDOConnection->getPDOStatement()
#1 /www/wwwroot/app.84000lookingfor.com/niucloud/vendor/topthink/think-orm/src/db/PDOConnection.php(923): think\db\PDOConnection->pdoQuery()
#2 /www/wwwroot/app.84000lookingfor.com/niucloud/vendor/topthink/think-orm/src/db/BaseQuery.php(1361): think\db\PDOConnection->find()
#3 [internal function]: think\db\BaseQuery->find()
#4 /www/wwwroot/app.84000lookingfor.com/niucloud/vendor/topthink/think-orm/src/Model.php(1091): call_user_func_array()
#5 /www/wwwroot/app.84000lookingfor.com/niucloud/app/service/core/schedule/CoreScheduleService.php(243): think\Model->__call()
#6 /www/wwwroot/app.84000lookingfor.com/niucloud/app/command/workerman/Workerman.php(64): app\service\core\schedule\CoreScheduleService->execute()
#7 /www/wwwroot/app.84000lookingfor.com/niucloud/vendor/workerman/workerman/Events/Select.php(238): app\command\workerman\Workerman->app\command\workerman\{closure}()
#8 /www/wwwroot/app.84000lookingfor.com/niucloud/vendor/workerman/workerman/Events/Select.php(299): Workerman\Events\Select->tick()
#9 /www/wwwroot/app.84000lookingfor.com/niucloud/vendor/workerman/workerman/Worker.php(1638): Workerman\Events\Select->loop()
#10 /www/wwwroot/app.84000lookingfor.com/niucloud/vendor/workerman/workerman/Worker.php(1429): Workerman\Worker::forkOneWorkerForLinux()
#11 /www/wwwroot/app.84000lookingfor.com/niucloud/vendor/workerman/workerman/Worker.php(1403): Workerman\Worker::forkWorkersForLinux()
#12 /www/wwwroot/app.84000lookingfor.com/niucloud/vendor/workerman/workerman/Worker.php(1788): Workerman\Worker::forkWorkers()
#13 /www/wwwroot/app.84000lookingfor.com/niucloud/vendor/workerman/workerman/Worker.php(1724): Workerman\Worker::monitorWorkersForLinux()
#14 /www/wwwroot/app.84000lookingfor.com/niucloud/vendor/workerman/workerman/Worker.php(562): Workerman\Worker::monitorWorkers()
#15 /www/wwwroot/app.84000lookingfor.com/niucloud/app/command/workerman/Workerman.php(118): Workerman\Worker::runAll()
#16 /www/wwwroot/app.84000lookingfor.com/niucloud/vendor/topthink/framework/src/think/console/Command.php(210): app\command\workerman\Workerman->execute()
#17 /www/wwwroot/app.84000lookingfor.com/niucloud/vendor/topthink/framework/src/think/Console.php(649): think\console\Command->run()
#18 /www/wwwroot/app.84000lookingfor.com/niucloud/vendor/topthink/framework/src/think/Console.php(308): think\Console->doRunCommand()
#19 /www/wwwroot/app.84000lookingfor.com/niucloud/vendor/topthink/framework/src/think/Console.php(245): think\Console->doRun()
#20 /www/wwwroot/app.84000lookingfor.com/niucloud/think(10): think\Console->run()
#21 {main}
2025-08-21 00:00:00 pid:289498 worker[schedule_work:2898703] exit with status 64000
